2025-06-13T23:36:50.5375930-04:00  [INF] Executed DbCommand ("3"ms) [Parameters=[""], CommandType='Text', CommandTimeout='30']"
""SELECT COUNT(*) FROM \"sqlite_master\" WHERE \"type\" = 'table' AND \"rootpage\" IS NOT NULL;" (0723d8ff)
2025-06-13T23:36:50.5709530-04:00  [INF] User profile is available. Using '"/Users/weixiangzhang/.aspnet/DataProtection-Keys"' as key repository; keys will not be encrypted at rest. (a162847e)
2025-06-13T23:36:50.5874670-04:00  [INF] Creating key {78be40ab-171f-4dcd-bd9f-cbdc6ddf29e4} with creation date 2025-06-14 03:36:50Z, activation date 2025-06-14 03:36:50Z, and expiration date 2025-09-12 03:36:50Z. (77afce94)
2025-06-13T23:36:50.5903610-04:00  [WRN] No XML encryptor configured. Key {78be40ab-171f-4dcd-bd9f-cbdc6ddf29e4} may be persisted to storage in unencrypted form. (9ca7e61e)
2025-06-13T23:36:50.5911410-04:00  [INF] Writing data to file '"/Users/weixiangzhang/.aspnet/DataProtection-Keys/key-78be40ab-171f-4dcd-bd9f-cbdc6ddf29e4.xml"'. (da22a8b1)
2025-06-13T23:36:50.6285680-04:00  [INF] Now listening on: "http://localhost:5000" (d826f4b8)
2025-06-13T23:36:50.6292960-04:00  [INF] Application started. Press Ctrl+C to shut down. (dcaefe54)
2025-06-13T23:36:50.6293630-04:00  [INF] Hosting environment: "Development" (bc5a1a4e)
2025-06-13T23:36:50.6293750-04:00  [INF] Content root path: "/Users/weixiangzhang/Local Dev/WeisLifeLogger/life_logger_package/app" (cc26f24e)
2025-06-13T23:37:00.1636920-04:00 0HNDAUIS8EV47:00000001 [INF] Request starting "HTTP/1.1" "GET" "http"://"localhost:5000""""/""" - null null (d509f86a)
2025-06-13T23:37:00.1669670-04:00 0HNDAUIS8EV47:00000001 [WRN] Failed to determine the https port for redirect. (ca76cc21)
2025-06-13T23:37:00.1904780-04:00 0HNDAUIS8EV47:00000001 [INF] Executing endpoint '"/Index"' (500cc934)
2025-06-13T23:37:00.1958930-04:00 0HNDAUIS8EV47:00000001 [INF] Route matched with "{page = \"/Index\"}". Executing page "/Index" (547e620f)
2025-06-13T23:37:00.1983460-04:00 0HNDAUIS8EV47:00000001 [INF] Executing handler method "LifeLoggerApp.Pages.IndexModel.OnGet" - ModelState is Valid (cd3ef7ec)
2025-06-13T23:37:00.1984820-04:00 0HNDAUIS8EV47:00000001 [INF] Executed handler method "OnGet", returned result "". (90fdc39c)
2025-06-13T23:37:00.1997600-04:00 0HNDAUIS8EV47:00000001 [INF] Executing an implicit handler method - ModelState is Valid (232a55d1)
2025-06-13T23:37:00.1998600-04:00 0HNDAUIS8EV47:00000001 [INF] Executed an implicit handler method, returned result "Microsoft.AspNetCore.Mvc.RazorPages.PageResult". (f857da66)
2025-06-13T23:37:00.2205170-04:00 0HNDAUIS8EV47:00000001 [INF] Executed page "/Index" in 23.5732ms (02e01280)
2025-06-13T23:37:00.2205630-04:00 0HNDAUIS8EV47:00000001 [INF] Executed endpoint '"/Index"' (99874f2b)
2025-06-13T23:37:00.2212110-04:00 0HNDAUIS8EV47:00000001 [INF] Request finished "HTTP/1.1" "GET" "http"://"localhost:5000""""/""" - 200 null "text/html; charset=utf-8" 58.3222ms (74253ad3)
2025-06-13T23:37:00.2450320-04:00 0HNDAUIS8EV47:00000002 [INF] Request starting "HTTP/1.1" "GET" "http"://"localhost:5000""""/lib/bootstrap/dist/css/bootstrap.min.46ein0sx1k.css""" - null null (d509f86a)
2025-06-13T23:37:00.2484750-04:00 0HNDAUIS8EV47:00000002 [INF] Executing endpoint '"Microsoft.AspNetCore.Routing.RouteEndpoint"' (500cc934)
2025-06-13T23:37:00.2489030-04:00 0HNDAUIS8EV48:00000001 [INF] Request starting "HTTP/1.1" "GET" "http"://"localhost:5000""""/css/site.b9sayid5wm.css""" - null null (d509f86a)
2025-06-13T23:37:00.2496390-04:00 0HNDAUIS8EV48:00000001 [INF] Executing endpoint '"Microsoft.AspNetCore.Routing.RouteEndpoint"' (500cc934)
2025-06-13T23:37:00.2502660-04:00 0HNDAUIS8EV49:00000001 [INF] Request starting "HTTP/1.1" "GET" "http"://"localhost:5000""""/LifeLoggerApp.iou6wqwl5r.styles.css""" - null null (d509f86a)
2025-06-13T23:37:00.2505550-04:00 0HNDAUIS8EV49:00000001 [INF] Executing endpoint '"Microsoft.AspNetCore.Routing.RouteEndpoint"' (500cc934)
2025-06-13T23:37:00.2533860-04:00 0HNDAUIS8EV49:00000001 [INF] Sending file. Request path: '"LifeLoggerApp.iou6wqwl5r.styles.css"'. Physical path: '"/Users/weixiangzhang/Local Dev/WeisLifeLogger/life_logger_package/app/obj/Debug/net9.0/compressed/vt0c7pto9e-iou6wqwl5r.gz"' (27b0a520)
2025-06-13T23:37:00.2533860-04:00 0HNDAUIS8EV48:00000001 [INF] Sending file. Request path: '"css/site.b9sayid5wm.css"'. Physical path: '"/Users/weixiangzhang/Local Dev/WeisLifeLogger/life_logger_package/app/obj/Debug/net9.0/compressed/87favhtujz-b9sayid5wm.gz"' (27b0a520)
2025-06-13T23:37:00.2534740-04:00 0HNDAUIS8EV49:00000001 [INF] Executed endpoint '"Microsoft.AspNetCore.Routing.RouteEndpoint"' (99874f2b)
2025-06-13T23:37:00.2534740-04:00 0HNDAUIS8EV48:00000001 [INF] Executed endpoint '"Microsoft.AspNetCore.Routing.RouteEndpoint"' (99874f2b)
2025-06-13T23:37:00.2537860-04:00 0HNDAUIS8EV49:00000001 [INF] Request finished "HTTP/1.1" "GET" "http"://"localhost:5000""""/LifeLoggerApp.iou6wqwl5r.styles.css""" - 200 1115 "text/css" 3.4403ms (74253ad3)
2025-06-13T23:37:00.2537860-04:00 0HNDAUIS8EV48:00000001 [INF] Request finished "HTTP/1.1" "GET" "http"://"localhost:5000""""/css/site.b9sayid5wm.css""" - 200 700 "text/css" 4.8047ms (74253ad3)
2025-06-13T23:37:00.2539510-04:00 0HNDAUIS8EV4A:00000001 [INF] Request starting "HTTP/1.1" "GET" "http"://"localhost:5000""""/lib/jquery/dist/jquery.min.o1o13a6vjx.js""" - null null (d509f86a)
2025-06-13T23:37:00.2540530-04:00 0HNDAUIS8EV47:00000002 [INF] Sending file. Request path: '"lib/bootstrap/dist/css/bootstrap.min.46ein0sx1k.css"'. Physical path: '"/Users/weixiangzhang/Local Dev/WeisLifeLogger/life_logger_package/app/obj/Debug/net9.0/compressed/iqnijv80lc-46ein0sx1k.gz"' (27b0a520)
2025-06-13T23:37:00.2540830-04:00 0HNDAUIS8EV47:00000002 [INF] Executed endpoint '"Microsoft.AspNetCore.Routing.RouteEndpoint"' (99874f2b)
2025-06-13T23:37:00.2541070-04:00 0HNDAUIS8EV47:00000002 [INF] Request finished "HTTP/1.1" "GET" "http"://"localhost:5000""""/lib/bootstrap/dist/css/bootstrap.min.46ein0sx1k.css""" - 200 232871 "text/css" 9.1502ms (74253ad3)
2025-06-13T23:37:00.2559570-04:00 0HNDAUIS8EV48:00000002 [INF] Request starting "HTTP/1.1" "GET" "http"://"localhost:5000""""/lib/bootstrap/dist/js/bootstrap.bundle.min.493y06b0oq.js""" - null null (d509f86a)
2025-06-13T23:37:00.2563600-04:00 0HNDAUIS8EV4A:00000001 [INF] Executing endpoint '"Microsoft.AspNetCore.Routing.RouteEndpoint"' (500cc934)
2025-06-13T23:37:00.2568010-04:00 0HNDAUIS8EV48:00000002 [INF] Executing endpoint '"Microsoft.AspNetCore.Routing.RouteEndpoint"' (500cc934)
2025-06-13T23:37:00.2585080-04:00 0HNDAUIS8EV49:00000002 [INF] Request starting "HTTP/1.1" "GET" "http"://"localhost:5000""""/js/site.xtxxf3hu2r.js""" - null null (d509f86a)
2025-06-13T23:37:00.2586900-04:00 0HNDAUIS8EV49:00000002 [INF] Executing endpoint '"Microsoft.AspNetCore.Routing.RouteEndpoint"' (500cc934)
2025-06-13T23:37:00.2591380-04:00 0HNDAUIS8EV49:00000002 [INF] Sending file. Request path: '"js/site.xtxxf3hu2r.js"'. Physical path: '"/Users/weixiangzhang/Local Dev/WeisLifeLogger/life_logger_package/app/obj/Debug/net9.0/compressed/pw49ueon34-xtxxf3hu2r.gz"' (27b0a520)
2025-06-13T23:37:00.2591610-04:00 0HNDAUIS8EV49:00000002 [INF] Executed endpoint '"Microsoft.AspNetCore.Routing.RouteEndpoint"' (99874f2b)
2025-06-13T23:37:00.2591930-04:00 0HNDAUIS8EV49:00000002 [INF] Request finished "HTTP/1.1" "GET" "http"://"localhost:5000""""/js/site.xtxxf3hu2r.js""" - 200 264 "text/javascript" 0.697ms (74253ad3)
2025-06-13T23:37:00.2595380-04:00 0HNDAUIS8EV48:00000002 [INF] Sending file. Request path: '"lib/bootstrap/dist/js/bootstrap.bundle.min.493y06b0oq.js"'. Physical path: '"/Users/weixiangzhang/Local Dev/WeisLifeLogger/life_logger_package/app/obj/Debug/net9.0/compressed/eai1gqe2y4-493y06b0oq.gz"' (27b0a520)
2025-06-13T23:37:00.2595640-04:00 0HNDAUIS8EV4A:00000001 [INF] Sending file. Request path: '"lib/jquery/dist/jquery.min.o1o13a6vjx.js"'. Physical path: '"/Users/weixiangzhang/Local Dev/WeisLifeLogger/life_logger_package/app/obj/Debug/net9.0/compressed/nkgxv8w9ok-o1o13a6vjx.gz"' (27b0a520)
2025-06-13T23:37:00.2600780-04:00 0HNDAUIS8EV48:00000002 [INF] Executed endpoint '"Microsoft.AspNetCore.Routing.RouteEndpoint"' (99874f2b)
2025-06-13T23:37:00.2601080-04:00 0HNDAUIS8EV4A:00000001 [INF] Executed endpoint '"Microsoft.AspNetCore.Routing.RouteEndpoint"' (99874f2b)
2025-06-13T23:37:00.2607450-04:00 0HNDAUIS8EV48:00000002 [INF] Request finished "HTTP/1.1" "GET" "http"://"localhost:5000""""/lib/bootstrap/dist/js/bootstrap.bundle.min.493y06b0oq.js""" - 200 80764 "text/javascript" 4.7897ms (74253ad3)
2025-06-13T23:37:00.2607600-04:00 0HNDAUIS8EV4A:00000001 [INF] Request finished "HTTP/1.1" "GET" "http"://"localhost:5000""""/lib/jquery/dist/jquery.min.o1o13a6vjx.js""" - 200 87576 "text/javascript" 6.806ms (74253ad3)
2025-06-13T23:37:00.2903540-04:00 0HNDAUIS8EV47:00000003 [INF] Request starting "HTTP/1.1" "GET" "http"://"localhost:5000""""/favicon.ico""" - null null (d509f86a)
2025-06-13T23:37:00.2905860-04:00 0HNDAUIS8EV47:00000003 [INF] Executing endpoint '"Microsoft.AspNetCore.Routing.RouteEndpoint"' (500cc934)
2025-06-13T23:37:00.2909390-04:00 0HNDAUIS8EV47:00000003 [INF] Sending file. Request path: '"favicon.ico"'. Physical path: '"/Users/weixiangzhang/Local Dev/WeisLifeLogger/life_logger_package/app/obj/Debug/net9.0/compressed/3xm0wf2h2k-61n19gt1b8.gz"' (27b0a520)
2025-06-13T23:37:00.2909520-04:00 0HNDAUIS8EV47:00000003 [INF] Executed endpoint '"Microsoft.AspNetCore.Routing.RouteEndpoint"' (99874f2b)
2025-06-13T23:37:00.2909750-04:00 0HNDAUIS8EV47:00000003 [INF] Request finished "HTTP/1.1" "GET" "http"://"localhost:5000""""/favicon.ico""" - 200 5463 "image/x-icon" 0.6385ms (74253ad3)
2025-06-13T23:37:00.3417570-04:00 0HNDAUIS8EV49:00000003 [INF] Request starting "HTTP/1.1" "GET" "http"://"localhost:5000""""/""" - null null (d509f86a)
2025-06-13T23:37:00.3420290-04:00 0HNDAUIS8EV49:00000003 [INF] Executing endpoint '"/Index"' (500cc934)
2025-06-13T23:37:00.3422280-04:00 0HNDAUIS8EV49:00000003 [INF] Route matched with "{page = \"/Index\"}". Executing page "/Index" (547e620f)
2025-06-13T23:37:00.3425160-04:00 0HNDAUIS8EV49:00000003 [INF] Executing handler method "LifeLoggerApp.Pages.IndexModel.OnGet" - ModelState is Valid (cd3ef7ec)
2025-06-13T23:37:00.3425330-04:00 0HNDAUIS8EV49:00000003 [INF] Executed handler method "OnGet", returned result "". (90fdc39c)
2025-06-13T23:37:00.3425660-04:00 0HNDAUIS8EV49:00000003 [INF] Executing an implicit handler method - ModelState is Valid (232a55d1)
2025-06-13T23:37:00.3425760-04:00 0HNDAUIS8EV49:00000003 [INF] Executed an implicit handler method, returned result "Microsoft.AspNetCore.Mvc.RazorPages.PageResult". (f857da66)
2025-06-13T23:37:00.3470310-04:00 0HNDAUIS8EV49:00000003 [INF] Executed page "/Index" in 4.722ms (02e01280)
2025-06-13T23:37:00.3471160-04:00 0HNDAUIS8EV49:00000003 [INF] Executed endpoint '"/Index"' (99874f2b)
2025-06-13T23:37:00.3472430-04:00 0HNDAUIS8EV49:00000003 [INF] Request finished "HTTP/1.1" "GET" "http"://"localhost:5000""""/""" - 200 null "text/html; charset=utf-8" 5.5331ms (74253ad3)
2025-06-13T23:37:00.3615840-04:00 0HNDAUIS8EV4A:00000002 [INF] Request starting "HTTP/1.1" "GET" "http"://"localhost:5000""""/css/site.b9sayid5wm.css""" - null null (d509f86a)
2025-06-13T23:37:00.3625430-04:00 0HNDAUIS8EV47:00000004 [INF] Request starting "HTTP/1.1" "GET" "http"://"localhost:5000""""/lib/bootstrap/dist/css/bootstrap.min.46ein0sx1k.css""" - null null (d509f86a)
2025-06-13T23:37:00.3627500-04:00 0HNDAUIS8EV47:00000004 [INF] Executing endpoint '"Microsoft.AspNetCore.Routing.RouteEndpoint"' (500cc934)
2025-06-13T23:37:00.3630360-04:00 0HNDAUIS8EV4A:00000002 [INF] Executing endpoint '"Microsoft.AspNetCore.Routing.RouteEndpoint"' (500cc934)
2025-06-13T23:37:00.3636530-04:00 0HNDAUIS8EV4A:00000002 [INF] Sending file. Request path: '"css/site.b9sayid5wm.css"'. Physical path: '"/Users/weixiangzhang/Local Dev/WeisLifeLogger/life_logger_package/app/obj/Debug/net9.0/compressed/87favhtujz-b9sayid5wm.gz"' (27b0a520)
2025-06-13T23:37:00.3636750-04:00 0HNDAUIS8EV4A:00000002 [INF] Executed endpoint '"Microsoft.AspNetCore.Routing.RouteEndpoint"' (99874f2b)
2025-06-13T23:37:00.3637110-04:00 0HNDAUIS8EV4A:00000002 [INF] Request finished "HTTP/1.1" "GET" "http"://"localhost:5000""""/css/site.b9sayid5wm.css""" - 200 700 "text/css" 2.1488ms (74253ad3)
2025-06-13T23:37:00.3648700-04:00 0HNDAUIS8EV47:00000004 [INF] Sending file. Request path: '"lib/bootstrap/dist/css/bootstrap.min.46ein0sx1k.css"'. Physical path: '"/Users/weixiangzhang/Local Dev/WeisLifeLogger/life_logger_package/app/obj/Debug/net9.0/compressed/iqnijv80lc-46ein0sx1k.gz"' (27b0a520)
2025-06-13T23:37:00.3654670-04:00 0HNDAUIS8EV47:00000004 [INF] Executed endpoint '"Microsoft.AspNetCore.Routing.RouteEndpoint"' (99874f2b)
2025-06-13T23:37:00.3656630-04:00 0HNDAUIS8EV47:00000004 [INF] Request finished "HTTP/1.1" "GET" "http"://"localhost:5000""""/lib/bootstrap/dist/css/bootstrap.min.46ein0sx1k.css""" - 200 232871 "text/css" 4.0625ms (74253ad3)
2025-06-13T23:37:00.3744840-04:00 0HNDAUIS8EV48:00000003 [INF] Request starting "HTTP/1.1" "GET" "http"://"localhost:5000""""/LifeLoggerApp.iou6wqwl5r.styles.css""" - null null (d509f86a)
2025-06-13T23:37:00.3744700-04:00 0HNDAUIS8EV49:00000004 [INF] Request starting "HTTP/1.1" "GET" "http"://"localhost:5000""""/lib/jquery/dist/jquery.min.o1o13a6vjx.js""" - null null (d509f86a)
2025-06-13T23:37:00.3745630-04:00 0HNDAUIS8EV4A:00000003 [INF] Request starting "HTTP/1.1" "GET" "http"://"localhost:5000""""/lib/bootstrap/dist/js/bootstrap.bundle.min.493y06b0oq.js""" - null null (d509f86a)
2025-06-13T23:37:00.3747260-04:00 0HNDAUIS8EV48:00000003 [INF] Executing endpoint '"Microsoft.AspNetCore.Routing.RouteEndpoint"' (500cc934)
2025-06-13T23:37:00.3751400-04:00 0HNDAUIS8EV48:00000003 [INF] Sending file. Request path: '"LifeLoggerApp.iou6wqwl5r.styles.css"'. Physical path: '"/Users/weixiangzhang/Local Dev/WeisLifeLogger/life_logger_package/app/obj/Debug/net9.0/compressed/vt0c7pto9e-iou6wqwl5r.gz"' (27b0a520)
2025-06-13T23:37:00.3751860-04:00 0HNDAUIS8EV48:00000003 [INF] Executed endpoint '"Microsoft.AspNetCore.Routing.RouteEndpoint"' (99874f2b)
2025-06-13T23:37:00.3752540-04:00 0HNDAUIS8EV48:00000003 [INF] Request finished "HTTP/1.1" "GET" "http"://"localhost:5000""""/LifeLoggerApp.iou6wqwl5r.styles.css""" - 200 1115 "text/css" 0.7537ms (74253ad3)
2025-06-13T23:37:00.3843790-04:00 0HNDAUIS8EV47:00000005 [INF] Request starting "HTTP/1.1" "GET" "http"://"localhost:5000""""/js/site.xtxxf3hu2r.js""" - null null (d509f86a)
2025-06-13T23:37:00.3876590-04:00 0HNDAUIS8EV47:00000005 [INF] Executing endpoint '"Microsoft.AspNetCore.Routing.RouteEndpoint"' (500cc934)
2025-06-13T23:37:00.3882410-04:00 0HNDAUIS8EV47:00000005 [INF] Sending file. Request path: '"js/site.xtxxf3hu2r.js"'. Physical path: '"/Users/weixiangzhang/Local Dev/WeisLifeLogger/life_logger_package/app/obj/Debug/net9.0/compressed/pw49ueon34-xtxxf3hu2r.gz"' (27b0a520)
2025-06-13T23:37:00.3886530-04:00 0HNDAUIS8EV47:00000005 [INF] Executed endpoint '"Microsoft.AspNetCore.Routing.RouteEndpoint"' (99874f2b)
2025-06-13T23:37:00.3887580-04:00 0HNDAUIS8EV47:00000005 [INF] Request finished "HTTP/1.1" "GET" "http"://"localhost:5000""""/js/site.xtxxf3hu2r.js""" - 200 264 "text/javascript" 4.3595ms (74253ad3)
2025-06-13T23:37:00.3932640-04:00 0HNDAUIS8EV49:00000004 [INF] Executing endpoint '"Microsoft.AspNetCore.Routing.RouteEndpoint"' (500cc934)
2025-06-13T23:37:00.3962850-04:00 0HNDAUIS8EV49:00000004 [INF] Sending file. Request path: '"lib/jquery/dist/jquery.min.o1o13a6vjx.js"'. Physical path: '"/Users/weixiangzhang/Local Dev/WeisLifeLogger/life_logger_package/app/obj/Debug/net9.0/compressed/nkgxv8w9ok-o1o13a6vjx.gz"' (27b0a520)
2025-06-13T23:37:00.3964370-04:00 0HNDAUIS8EV49:00000004 [INF] Executed endpoint '"Microsoft.AspNetCore.Routing.RouteEndpoint"' (99874f2b)
2025-06-13T23:37:00.3965130-04:00 0HNDAUIS8EV49:00000004 [INF] Request finished "HTTP/1.1" "GET" "http"://"localhost:5000""""/lib/jquery/dist/jquery.min.o1o13a6vjx.js""" - 200 87576 "text/javascript" 22.0308ms (74253ad3)
2025-06-13T23:37:00.4199570-04:00 0HNDAUIS8EV4A:00000003 [INF] Executing endpoint '"Microsoft.AspNetCore.Routing.RouteEndpoint"' (500cc934)
2025-06-13T23:37:00.4207160-04:00 0HNDAUIS8EV4A:00000003 [INF] Sending file. Request path: '"lib/bootstrap/dist/js/bootstrap.bundle.min.493y06b0oq.js"'. Physical path: '"/Users/weixiangzhang/Local Dev/WeisLifeLogger/life_logger_package/app/obj/Debug/net9.0/compressed/eai1gqe2y4-493y06b0oq.gz"' (27b0a520)
2025-06-13T23:37:00.4207370-04:00 0HNDAUIS8EV4A:00000003 [INF] Executed endpoint '"Microsoft.AspNetCore.Routing.RouteEndpoint"' (99874f2b)
2025-06-13T23:37:00.4207810-04:00 0HNDAUIS8EV4A:00000003 [INF] Request finished "HTTP/1.1" "GET" "http"://"localhost:5000""""/lib/bootstrap/dist/js/bootstrap.bundle.min.493y06b0oq.js""" - 200 80764 "text/javascript" 46.2091ms (74253ad3)
2025-06-13T23:37:02.4713380-04:00 0HNDAUIS8EV47:00000006 [INF] Request starting "HTTP/1.1" "GET" "http"://"localhost:5000""""/""" - null null (d509f86a)
2025-06-13T23:37:02.4715890-04:00 0HNDAUIS8EV47:00000006 [INF] Executing endpoint '"/Index"' (500cc934)
2025-06-13T23:37:02.4716800-04:00 0HNDAUIS8EV47:00000006 [INF] Route matched with "{page = \"/Index\"}". Executing page "/Index" (547e620f)
2025-06-13T23:37:02.4718370-04:00 0HNDAUIS8EV47:00000006 [INF] Executing handler method "LifeLoggerApp.Pages.IndexModel.OnGet" - ModelState is Valid (cd3ef7ec)
2025-06-13T23:37:02.4718790-04:00 0HNDAUIS8EV47:00000006 [INF] Executed handler method "OnGet", returned result "". (90fdc39c)
2025-06-13T23:37:02.4719170-04:00 0HNDAUIS8EV47:00000006 [INF] Executing an implicit handler method - ModelState is Valid (232a55d1)
2025-06-13T23:37:02.4719710-04:00 0HNDAUIS8EV47:00000006 [INF] Executed an implicit handler method, returned result "Microsoft.AspNetCore.Mvc.RazorPages.PageResult". (f857da66)
2025-06-13T23:37:02.4743970-04:00 0HNDAUIS8EV47:00000006 [INF] Executed page "/Index" in 2.6639ms (02e01280)
2025-06-13T23:37:02.4744420-04:00 0HNDAUIS8EV47:00000006 [INF] Executed endpoint '"/Index"' (99874f2b)
2025-06-13T23:37:02.4745190-04:00 0HNDAUIS8EV47:00000006 [INF] Request finished "HTTP/1.1" "GET" "http"://"localhost:5000""""/""" - 200 null "text/html; charset=utf-8" 3.2078ms (74253ad3)
2025-06-13T23:37:02.4848520-04:00 0HNDAUIS8EV49:00000005 [INF] Request starting "HTTP/1.1" "GET" "http"://"localhost:5000""""/lib/bootstrap/dist/css/bootstrap.min.46ein0sx1k.css""" - null null (d509f86a)
2025-06-13T23:37:02.4852650-04:00 0HNDAUIS8EV49:00000005 [INF] Executing endpoint '"Microsoft.AspNetCore.Routing.RouteEndpoint"' (500cc934)
2025-06-13T23:37:02.4868770-04:00 0HNDAUIS8EV4A:00000004 [INF] Request starting "HTTP/1.1" "GET" "http"://"localhost:5000""""/css/site.b9sayid5wm.css""" - null null (d509f86a)
2025-06-13T23:37:02.4869360-04:00 0HNDAUIS8EV49:00000005 [INF] Sending file. Request path: '"lib/bootstrap/dist/css/bootstrap.min.46ein0sx1k.css"'. Physical path: '"/Users/weixiangzhang/Local Dev/WeisLifeLogger/life_logger_package/app/obj/Debug/net9.0/compressed/iqnijv80lc-46ein0sx1k.gz"' (27b0a520)
2025-06-13T23:37:02.4869700-04:00 0HNDAUIS8EV49:00000005 [INF] Executed endpoint '"Microsoft.AspNetCore.Routing.RouteEndpoint"' (99874f2b)
2025-06-13T23:37:02.4870640-04:00 0HNDAUIS8EV49:00000005 [INF] Request finished "HTTP/1.1" "GET" "http"://"localhost:5000""""/lib/bootstrap/dist/css/bootstrap.min.46ein0sx1k.css""" - 200 232871 "text/css" 2.2097ms (74253ad3)
2025-06-13T23:37:02.4870830-04:00 0HNDAUIS8EV4A:00000004 [INF] Executing endpoint '"Microsoft.AspNetCore.Routing.RouteEndpoint"' (500cc934)
2025-06-13T23:37:02.4874540-04:00 0HNDAUIS8EV4A:00000004 [INF] Sending file. Request path: '"css/site.b9sayid5wm.css"'. Physical path: '"/Users/weixiangzhang/Local Dev/WeisLifeLogger/life_logger_package/app/obj/Debug/net9.0/compressed/87favhtujz-b9sayid5wm.gz"' (27b0a520)
2025-06-13T23:37:02.4874930-04:00 0HNDAUIS8EV4A:00000004 [INF] Executed endpoint '"Microsoft.AspNetCore.Routing.RouteEndpoint"' (99874f2b)
2025-06-13T23:37:02.4875490-04:00 0HNDAUIS8EV4A:00000004 [INF] Request finished "HTTP/1.1" "GET" "http"://"localhost:5000""""/css/site.b9sayid5wm.css""" - 200 700 "text/css" 0.6725ms (74253ad3)
2025-06-13T23:37:02.4893150-04:00 0HNDAUIS8EV48:00000004 [INF] Request starting "HTTP/1.1" "GET" "http"://"localhost:5000""""/LifeLoggerApp.iou6wqwl5r.styles.css""" - null null (d509f86a)
2025-06-13T23:37:02.4895230-04:00 0HNDAUIS8EV48:00000004 [INF] Executing endpoint '"Microsoft.AspNetCore.Routing.RouteEndpoint"' (500cc934)
2025-06-13T23:37:02.4899230-04:00 0HNDAUIS8EV48:00000004 [INF] Sending file. Request path: '"LifeLoggerApp.iou6wqwl5r.styles.css"'. Physical path: '"/Users/weixiangzhang/Local Dev/WeisLifeLogger/life_logger_package/app/obj/Debug/net9.0/compressed/vt0c7pto9e-iou6wqwl5r.gz"' (27b0a520)
2025-06-13T23:37:02.4899500-04:00 0HNDAUIS8EV48:00000004 [INF] Executed endpoint '"Microsoft.AspNetCore.Routing.RouteEndpoint"' (99874f2b)
2025-06-13T23:37:02.4900060-04:00 0HNDAUIS8EV48:00000004 [INF] Request finished "HTTP/1.1" "GET" "http"://"localhost:5000""""/LifeLoggerApp.iou6wqwl5r.styles.css""" - 200 1115 "text/css" 0.7051ms (74253ad3)
2025-06-13T23:37:02.4923830-04:00 0HNDAUIS8EV47:00000007 [INF] Request starting "HTTP/1.1" "GET" "http"://"localhost:5000""""/lib/jquery/dist/jquery.min.o1o13a6vjx.js""" - null null (d509f86a)
2025-06-13T23:37:02.4926160-04:00 0HNDAUIS8EV47:00000007 [INF] Executing endpoint '"Microsoft.AspNetCore.Routing.RouteEndpoint"' (500cc934)
2025-06-13T23:37:02.4934160-04:00 0HNDAUIS8EV47:00000007 [INF] Sending file. Request path: '"lib/jquery/dist/jquery.min.o1o13a6vjx.js"'. Physical path: '"/Users/weixiangzhang/Local Dev/WeisLifeLogger/life_logger_package/app/obj/Debug/net9.0/compressed/nkgxv8w9ok-o1o13a6vjx.gz"' (27b0a520)
2025-06-13T23:37:02.4934820-04:00 0HNDAUIS8EV47:00000007 [INF] Executed endpoint '"Microsoft.AspNetCore.Routing.RouteEndpoint"' (99874f2b)
2025-06-13T23:37:02.4935730-04:00 0HNDAUIS8EV47:00000007 [INF] Request finished "HTTP/1.1" "GET" "http"://"localhost:5000""""/lib/jquery/dist/jquery.min.o1o13a6vjx.js""" - 200 87576 "text/javascript" 1.1675ms (74253ad3)
2025-06-13T23:37:02.4960800-04:00 0HNDAUIS8EV49:00000006 [INF] Request starting "HTTP/1.1" "GET" "http"://"localhost:5000""""/lib/bootstrap/dist/js/bootstrap.bundle.min.493y06b0oq.js""" - null null (d509f86a)
2025-06-13T23:37:02.4963080-04:00 0HNDAUIS8EV49:00000006 [INF] Executing endpoint '"Microsoft.AspNetCore.Routing.RouteEndpoint"' (500cc934)
2025-06-13T23:37:02.4967980-04:00 0HNDAUIS8EV4A:00000005 [INF] Request starting "HTTP/1.1" "GET" "http"://"localhost:5000""""/js/site.xtxxf3hu2r.js""" - null null (d509f86a)
2025-06-13T23:37:02.4969450-04:00 0HNDAUIS8EV4A:00000005 [INF] Executing endpoint '"Microsoft.AspNetCore.Routing.RouteEndpoint"' (500cc934)
2025-06-13T23:37:02.4971150-04:00 0HNDAUIS8EV49:00000006 [INF] Sending file. Request path: '"lib/bootstrap/dist/js/bootstrap.bundle.min.493y06b0oq.js"'. Physical path: '"/Users/weixiangzhang/Local Dev/WeisLifeLogger/life_logger_package/app/obj/Debug/net9.0/compressed/eai1gqe2y4-493y06b0oq.gz"' (27b0a520)
2025-06-13T23:37:02.4971470-04:00 0HNDAUIS8EV49:00000006 [INF] Executed endpoint '"Microsoft.AspNetCore.Routing.RouteEndpoint"' (99874f2b)
2025-06-13T23:37:02.4972020-04:00 0HNDAUIS8EV49:00000006 [INF] Request finished "HTTP/1.1" "GET" "http"://"localhost:5000""""/lib/bootstrap/dist/js/bootstrap.bundle.min.493y06b0oq.js""" - 200 80764 "text/javascript" 1.1235ms (74253ad3)
2025-06-13T23:37:02.4972550-04:00 0HNDAUIS8EV4A:00000005 [INF] Sending file. Request path: '"js/site.xtxxf3hu2r.js"'. Physical path: '"/Users/weixiangzhang/Local Dev/WeisLifeLogger/life_logger_package/app/obj/Debug/net9.0/compressed/pw49ueon34-xtxxf3hu2r.gz"' (27b0a520)
2025-06-13T23:37:02.4972910-04:00 0HNDAUIS8EV4A:00000005 [INF] Executed endpoint '"Microsoft.AspNetCore.Routing.RouteEndpoint"' (99874f2b)
2025-06-13T23:37:02.4973410-04:00 0HNDAUIS8EV4A:00000005 [INF] Request finished "HTTP/1.1" "GET" "http"://"localhost:5000""""/js/site.xtxxf3hu2r.js""" - 200 264 "text/javascript" 0.5531ms (74253ad3)
2025-06-13T23:37:05.1413480-04:00 0HNDAUIS8EV47:00000008 [INF] Request starting "HTTP/1.1" "GET" "http"://"localhost:5000""""/Privacy""" - null null (d509f86a)
2025-06-13T23:37:05.1416350-04:00 0HNDAUIS8EV47:00000008 [INF] Executing endpoint '"/Privacy"' (500cc934)
2025-06-13T23:37:05.1454960-04:00 0HNDAUIS8EV47:00000008 [INF] Route matched with "{page = \"/Privacy\"}". Executing page "/Privacy" (547e620f)
2025-06-13T23:37:05.1459520-04:00 0HNDAUIS8EV47:00000008 [INF] Executing handler method "LifeLoggerApp.Pages.PrivacyModel.OnGet" - ModelState is Valid (cd3ef7ec)
2025-06-13T23:37:05.1460340-04:00 0HNDAUIS8EV47:00000008 [INF] Executed handler method "OnGet", returned result "". (90fdc39c)
2025-06-13T23:37:05.1460490-04:00 0HNDAUIS8EV47:00000008 [INF] Executing an implicit handler method - ModelState is Valid (232a55d1)
2025-06-13T23:37:05.1460810-04:00 0HNDAUIS8EV47:00000008 [INF] Executed an implicit handler method, returned result "Microsoft.AspNetCore.Mvc.RazorPages.PageResult". (f857da66)
2025-06-13T23:37:05.1490970-04:00 0HNDAUIS8EV47:00000008 [INF] Executed page "/Privacy" in 3.5315ms (02e01280)
2025-06-13T23:37:05.1491370-04:00 0HNDAUIS8EV47:00000008 [INF] Executed endpoint '"/Privacy"' (99874f2b)
2025-06-13T23:37:05.1492320-04:00 0HNDAUIS8EV47:00000008 [INF] Request finished "HTTP/1.1" "GET" "http"://"localhost:5000""""/Privacy""" - 200 null "text/html; charset=utf-8" 7.864ms (74253ad3)
2025-06-13T23:37:05.1769280-04:00 0HNDAUIS8EV49:00000007 [INF] Request starting "HTTP/1.1" "GET" "http"://"localhost:5000""""/lib/bootstrap/dist/css/bootstrap.min.46ein0sx1k.css""" - null null (d509f86a)
2025-06-13T23:37:05.1772010-04:00 0HNDAUIS8EV49:00000007 [INF] Executing endpoint '"Microsoft.AspNetCore.Routing.RouteEndpoint"' (500cc934)
2025-06-13T23:37:05.1787190-04:00 0HNDAUIS8EV49:00000007 [INF] Sending file. Request path: '"lib/bootstrap/dist/css/bootstrap.min.46ein0sx1k.css"'. Physical path: '"/Users/weixiangzhang/Local Dev/WeisLifeLogger/life_logger_package/app/obj/Debug/net9.0/compressed/iqnijv80lc-46ein0sx1k.gz"' (27b0a520)
2025-06-13T23:37:05.1787570-04:00 0HNDAUIS8EV49:00000007 [INF] Executed endpoint '"Microsoft.AspNetCore.Routing.RouteEndpoint"' (99874f2b)
2025-06-13T23:37:05.1788580-04:00 0HNDAUIS8EV49:00000007 [INF] Request finished "HTTP/1.1" "GET" "http"://"localhost:5000""""/lib/bootstrap/dist/css/bootstrap.min.46ein0sx1k.css""" - 200 232871 "text/css" 1.8997ms (74253ad3)
2025-06-13T23:37:05.1799290-04:00 0HNDAUIS8EV4A:00000006 [INF] Request starting "HTTP/1.1" "GET" "http"://"localhost:5000""""/css/site.b9sayid5wm.css""" - null null (d509f86a)
2025-06-13T23:37:05.1801260-04:00 0HNDAUIS8EV4A:00000006 [INF] Executing endpoint '"Microsoft.AspNetCore.Routing.RouteEndpoint"' (500cc934)
2025-06-13T23:37:05.1804480-04:00 0HNDAUIS8EV4A:00000006 [INF] Sending file. Request path: '"css/site.b9sayid5wm.css"'. Physical path: '"/Users/weixiangzhang/Local Dev/WeisLifeLogger/life_logger_package/app/obj/Debug/net9.0/compressed/87favhtujz-b9sayid5wm.gz"' (27b0a520)
2025-06-13T23:37:05.1804640-04:00 0HNDAUIS8EV4A:00000006 [INF] Executed endpoint '"Microsoft.AspNetCore.Routing.RouteEndpoint"' (99874f2b)
2025-06-13T23:37:05.1805050-04:00 0HNDAUIS8EV4A:00000006 [INF] Request finished "HTTP/1.1" "GET" "http"://"localhost:5000""""/css/site.b9sayid5wm.css""" - 200 700 "text/css" 0.5833ms (74253ad3)
2025-06-13T23:37:05.1831060-04:00 0HNDAUIS8EV48:00000005 [INF] Request starting "HTTP/1.1" "GET" "http"://"localhost:5000""""/LifeLoggerApp.iou6wqwl5r.styles.css""" - null null (d509f86a)
2025-06-13T23:37:05.1833110-04:00 0HNDAUIS8EV48:00000005 [INF] Executing endpoint '"Microsoft.AspNetCore.Routing.RouteEndpoint"' (500cc934)
2025-06-13T23:37:05.1836440-04:00 0HNDAUIS8EV48:00000005 [INF] Sending file. Request path: '"LifeLoggerApp.iou6wqwl5r.styles.css"'. Physical path: '"/Users/weixiangzhang/Local Dev/WeisLifeLogger/life_logger_package/app/obj/Debug/net9.0/compressed/vt0c7pto9e-iou6wqwl5r.gz"' (27b0a520)
2025-06-13T23:37:05.1836610-04:00 0HNDAUIS8EV48:00000005 [INF] Executed endpoint '"Microsoft.AspNetCore.Routing.RouteEndpoint"' (99874f2b)
2025-06-13T23:37:05.1837020-04:00 0HNDAUIS8EV48:00000005 [INF] Request finished "HTTP/1.1" "GET" "http"://"localhost:5000""""/LifeLoggerApp.iou6wqwl5r.styles.css""" - 200 1115 "text/css" 0.5978ms (74253ad3)
2025-06-13T23:37:05.1858550-04:00 0HNDAUIS8EV47:00000009 [INF] Request starting "HTTP/1.1" "GET" "http"://"localhost:5000""""/lib/jquery/dist/jquery.min.o1o13a6vjx.js""" - null null (d509f86a)
2025-06-13T23:37:05.1860480-04:00 0HNDAUIS8EV47:00000009 [INF] Executing endpoint '"Microsoft.AspNetCore.Routing.RouteEndpoint"' (500cc934)
2025-06-13T23:37:05.1870510-04:00 0HNDAUIS8EV47:00000009 [INF] Sending file. Request path: '"lib/jquery/dist/jquery.min.o1o13a6vjx.js"'. Physical path: '"/Users/weixiangzhang/Local Dev/WeisLifeLogger/life_logger_package/app/obj/Debug/net9.0/compressed/nkgxv8w9ok-o1o13a6vjx.gz"' (27b0a520)
2025-06-13T23:37:05.1870850-04:00 0HNDAUIS8EV47:00000009 [INF] Executed endpoint '"Microsoft.AspNetCore.Routing.RouteEndpoint"' (99874f2b)
2025-06-13T23:37:05.1871370-04:00 0HNDAUIS8EV47:00000009 [INF] Request finished "HTTP/1.1" "GET" "http"://"localhost:5000""""/lib/jquery/dist/jquery.min.o1o13a6vjx.js""" - 200 87576 "text/javascript" 1.2757ms (74253ad3)
2025-06-13T23:37:05.1878950-04:00 0HNDAUIS8EV49:00000008 [INF] Request starting "HTTP/1.1" "GET" "http"://"localhost:5000""""/lib/bootstrap/dist/js/bootstrap.bundle.min.493y06b0oq.js""" - null null (d509f86a)
2025-06-13T23:37:05.1880360-04:00 0HNDAUIS8EV49:00000008 [INF] Executing endpoint '"Microsoft.AspNetCore.Routing.RouteEndpoint"' (500cc934)
2025-06-13T23:37:05.1887780-04:00 0HNDAUIS8EV49:00000008 [INF] Sending file. Request path: '"lib/bootstrap/dist/js/bootstrap.bundle.min.493y06b0oq.js"'. Physical path: '"/Users/weixiangzhang/Local Dev/WeisLifeLogger/life_logger_package/app/obj/Debug/net9.0/compressed/eai1gqe2y4-493y06b0oq.gz"' (27b0a520)
2025-06-13T23:37:05.1888050-04:00 0HNDAUIS8EV49:00000008 [INF] Executed endpoint '"Microsoft.AspNetCore.Routing.RouteEndpoint"' (99874f2b)
2025-06-13T23:37:05.1888500-04:00 0HNDAUIS8EV49:00000008 [INF] Request finished "HTTP/1.1" "GET" "http"://"localhost:5000""""/lib/bootstrap/dist/js/bootstrap.bundle.min.493y06b0oq.js""" - 200 80764 "text/javascript" 0.9373ms (74253ad3)
2025-06-13T23:37:05.1898430-04:00 0HNDAUIS8EV4A:00000007 [INF] Request starting "HTTP/1.1" "GET" "http"://"localhost:5000""""/js/site.xtxxf3hu2r.js""" - null null (d509f86a)
2025-06-13T23:37:05.1899560-04:00 0HNDAUIS8EV4A:00000007 [INF] Executing endpoint '"Microsoft.AspNetCore.Routing.RouteEndpoint"' (500cc934)
2025-06-13T23:37:05.1902080-04:00 0HNDAUIS8EV4A:00000007 [INF] Sending file. Request path: '"js/site.xtxxf3hu2r.js"'. Physical path: '"/Users/weixiangzhang/Local Dev/WeisLifeLogger/life_logger_package/app/obj/Debug/net9.0/compressed/pw49ueon34-xtxxf3hu2r.gz"' (27b0a520)
2025-06-13T23:37:05.1902370-04:00 0HNDAUIS8EV4A:00000007 [INF] Executed endpoint '"Microsoft.AspNetCore.Routing.RouteEndpoint"' (99874f2b)
2025-06-13T23:37:05.1902760-04:00 0HNDAUIS8EV4A:00000007 [INF] Request finished "HTTP/1.1" "GET" "http"://"localhost:5000""""/js/site.xtxxf3hu2r.js""" - 200 264 "text/javascript" 0.4189ms (74253ad3)
2025-06-13T23:37:05.8375850-04:00 0HNDAUIS8EV47:0000000A [INF] Request starting "HTTP/1.1" "GET" "http"://"localhost:5000""""/""" - null null (d509f86a)
2025-06-13T23:37:05.8377620-04:00 0HNDAUIS8EV47:0000000A [INF] Executing endpoint '"/Index"' (500cc934)
2025-06-13T23:37:05.8378380-04:00 0HNDAUIS8EV47:0000000A [INF] Route matched with "{page = \"/Index\"}". Executing page "/Index" (547e620f)
2025-06-13T23:37:05.8379440-04:00 0HNDAUIS8EV47:0000000A [INF] Executing handler method "LifeLoggerApp.Pages.IndexModel.OnGet" - ModelState is Valid (cd3ef7ec)
2025-06-13T23:37:05.8379580-04:00 0HNDAUIS8EV47:0000000A [INF] Executed handler method "OnGet", returned result "". (90fdc39c)
2025-06-13T23:37:05.8379910-04:00 0HNDAUIS8EV47:0000000A [INF] Executing an implicit handler method - ModelState is Valid (232a55d1)
2025-06-13T23:37:05.8380080-04:00 0HNDAUIS8EV47:0000000A [INF] Executed an implicit handler method, returned result "Microsoft.AspNetCore.Mvc.RazorPages.PageResult". (f857da66)
2025-06-13T23:37:05.8391110-04:00 0HNDAUIS8EV47:0000000A [INF] Executed page "/Index" in 1.2484ms (02e01280)
2025-06-13T23:37:05.8391320-04:00 0HNDAUIS8EV47:0000000A [INF] Executed endpoint '"/Index"' (99874f2b)
2025-06-13T23:37:05.8391900-04:00 0HNDAUIS8EV47:0000000A [INF] Request finished "HTTP/1.1" "GET" "http"://"localhost:5000""""/""" - 200 null "text/html; charset=utf-8" 1.6062ms (74253ad3)
2025-06-13T23:37:05.8397240-04:00 0HNDAUIS8EV4A:00000008 [INF] Request starting "HTTP/1.1" "GET" "http"://"localhost:5000""""/lib/bootstrap/dist/css/bootstrap.min.46ein0sx1k.css""" - null null (d509f86a)
2025-06-13T23:37:05.8398780-04:00 0HNDAUIS8EV48:00000006 [INF] Request starting "HTTP/1.1" "GET" "http"://"localhost:5000""""/css/site.b9sayid5wm.css""" - null null (d509f86a)
2025-06-13T23:37:05.8399240-04:00 0HNDAUIS8EV4A:00000008 [INF] Executing endpoint '"Microsoft.AspNetCore.Routing.RouteEndpoint"' (500cc934)
2025-06-13T23:37:05.8399290-04:00 0HNDAUIS8EV48:00000006 [INF] Executing endpoint '"Microsoft.AspNetCore.Routing.RouteEndpoint"' (500cc934)
2025-06-13T23:37:05.8400060-04:00 0HNDAUIS8EV49:00000009 [INF] Request starting "HTTP/1.1" "GET" "http"://"localhost:5000""""/LifeLoggerApp.iou6wqwl5r.styles.css""" - null null (d509f86a)
2025-06-13T23:37:05.8400940-04:00 0HNDAUIS8EV49:00000009 [INF] Executing endpoint '"Microsoft.AspNetCore.Routing.RouteEndpoint"' (500cc934)
2025-06-13T23:37:05.8401920-04:00 0HNDAUIS8EV48:00000006 [INF] Sending file. Request path: '"css/site.b9sayid5wm.css"'. Physical path: '"/Users/weixiangzhang/Local Dev/WeisLifeLogger/life_logger_package/app/obj/Debug/net9.0/compressed/87favhtujz-b9sayid5wm.gz"' (27b0a520)
2025-06-13T23:37:05.8402460-04:00 0HNDAUIS8EV48:00000006 [INF] Executed endpoint '"Microsoft.AspNetCore.Routing.RouteEndpoint"' (99874f2b)
2025-06-13T23:37:05.8402540-04:00 0HNDAUIS8EV4B:00000001 [INF] Request starting "HTTP/1.1" "GET" "http"://"localhost:5000""""/lib/jquery/dist/jquery.min.o1o13a6vjx.js""" - null null (d509f86a)
2025-06-13T23:37:05.8402720-04:00 0HNDAUIS8EV48:00000006 [INF] Request finished "HTTP/1.1" "GET" "http"://"localhost:5000""""/css/site.b9sayid5wm.css""" - 200 700 "text/css" 0.3876ms (74253ad3)
2025-06-13T23:37:05.8403300-04:00 0HNDAUIS8EV4C:00000001 [INF] Request starting "HTTP/1.1" "GET" "http"://"localhost:5000""""/lib/bootstrap/dist/js/bootstrap.bundle.min.493y06b0oq.js""" - null null (d509f86a)
2025-06-13T23:37:05.8403660-04:00 0HNDAUIS8EV4C:00000001 [INF] Executing endpoint '"Microsoft.AspNetCore.Routing.RouteEndpoint"' (500cc934)
2025-06-13T23:37:05.8403790-04:00 0HNDAUIS8EV4B:00000001 [INF] Executing endpoint '"Microsoft.AspNetCore.Routing.RouteEndpoint"' (500cc934)
2025-06-13T23:37:05.8404010-04:00 0HNDAUIS8EV49:00000009 [INF] Sending file. Request path: '"LifeLoggerApp.iou6wqwl5r.styles.css"'. Physical path: '"/Users/weixiangzhang/Local Dev/WeisLifeLogger/life_logger_package/app/obj/Debug/net9.0/compressed/vt0c7pto9e-iou6wqwl5r.gz"' (27b0a520)
2025-06-13T23:37:05.8404100-04:00 0HNDAUIS8EV49:00000009 [INF] Executed endpoint '"Microsoft.AspNetCore.Routing.RouteEndpoint"' (99874f2b)
2025-06-13T23:37:05.8404540-04:00 0HNDAUIS8EV49:00000009 [INF] Request finished "HTTP/1.1" "GET" "http"://"localhost:5000""""/LifeLoggerApp.iou6wqwl5r.styles.css""" - 200 1115 "text/css" 0.4525ms (74253ad3)
2025-06-13T23:37:05.8406830-04:00 0HNDAUIS8EV4C:00000001 [INF] Sending file. Request path: '"lib/bootstrap/dist/js/bootstrap.bundle.min.493y06b0oq.js"'. Physical path: '"/Users/weixiangzhang/Local Dev/WeisLifeLogger/life_logger_package/app/obj/Debug/net9.0/compressed/eai1gqe2y4-493y06b0oq.gz"' (27b0a520)
2025-06-13T23:37:05.8407040-04:00 0HNDAUIS8EV4C:00000001 [INF] Executed endpoint '"Microsoft.AspNetCore.Routing.RouteEndpoint"' (99874f2b)
2025-06-13T23:37:05.8407190-04:00 0HNDAUIS8EV4C:00000001 [INF] Request finished "HTTP/1.1" "GET" "http"://"localhost:5000""""/lib/bootstrap/dist/js/bootstrap.bundle.min.493y06b0oq.js""" - 200 80764 "text/javascript" 0.3849ms (74253ad3)
2025-06-13T23:37:05.8407310-04:00 0HNDAUIS8EV47:0000000B [INF] Request starting "HTTP/1.1" "GET" "http"://"localhost:5000""""/js/site.xtxxf3hu2r.js""" - null null (d509f86a)
2025-06-13T23:37:05.8408150-04:00 0HNDAUIS8EV4A:00000008 [INF] Sending file. Request path: '"lib/bootstrap/dist/css/bootstrap.min.46ein0sx1k.css"'. Physical path: '"/Users/weixiangzhang/Local Dev/WeisLifeLogger/life_logger_package/app/obj/Debug/net9.0/compressed/iqnijv80lc-46ein0sx1k.gz"' (27b0a520)
2025-06-13T23:37:05.8408260-04:00 0HNDAUIS8EV4A:00000008 [INF] Executed endpoint '"Microsoft.AspNetCore.Routing.RouteEndpoint"' (99874f2b)
2025-06-13T23:37:05.8408260-04:00 0HNDAUIS8EV47:0000000B [INF] Executing endpoint '"Microsoft.AspNetCore.Routing.RouteEndpoint"' (500cc934)
2025-06-13T23:37:05.8408560-04:00 0HNDAUIS8EV4A:00000008 [INF] Request finished "HTTP/1.1" "GET" "http"://"localhost:5000""""/lib/bootstrap/dist/css/bootstrap.min.46ein0sx1k.css""" - 200 232871 "text/css" 1.1378ms (74253ad3)
2025-06-13T23:37:05.8409930-04:00 0HNDAUIS8EV4B:00000001 [INF] Sending file. Request path: '"lib/jquery/dist/jquery.min.o1o13a6vjx.js"'. Physical path: '"/Users/weixiangzhang/Local Dev/WeisLifeLogger/life_logger_package/app/obj/Debug/net9.0/compressed/nkgxv8w9ok-o1o13a6vjx.gz"' (27b0a520)
2025-06-13T23:37:05.8410210-04:00 0HNDAUIS8EV4B:00000001 [INF] Executed endpoint '"Microsoft.AspNetCore.Routing.RouteEndpoint"' (99874f2b)
2025-06-13T23:37:05.8410440-04:00 0HNDAUIS8EV4B:00000001 [INF] Request finished "HTTP/1.1" "GET" "http"://"localhost:5000""""/lib/jquery/dist/jquery.min.o1o13a6vjx.js""" - 200 87576 "text/javascript" 0.7951ms (74253ad3)
2025-06-13T23:37:05.8410510-04:00 0HNDAUIS8EV47:0000000B [INF] Sending file. Request path: '"js/site.xtxxf3hu2r.js"'. Physical path: '"/Users/weixiangzhang/Local Dev/WeisLifeLogger/life_logger_package/app/obj/Debug/net9.0/compressed/pw49ueon34-xtxxf3hu2r.gz"' (27b0a520)
2025-06-13T23:37:05.8410560-04:00 0HNDAUIS8EV47:0000000B [INF] Executed endpoint '"Microsoft.AspNetCore.Routing.RouteEndpoint"' (99874f2b)
2025-06-13T23:37:05.8410690-04:00 0HNDAUIS8EV47:0000000B [INF] Request finished "HTTP/1.1" "GET" "http"://"localhost:5000""""/js/site.xtxxf3hu2r.js""" - 200 264 "text/javascript" 0.3525ms (74253ad3)
2025-06-13T23:37:05.8411740-04:00 0HNDAUIS8EV48:00000007 [INF] Request starting "HTTP/1.1" "GET" "http"://"localhost:5000""""/favicon.ico""" - null null (d509f86a)
2025-06-13T23:37:05.8413730-04:00 0HNDAUIS8EV48:00000007 [INF] Executing endpoint '"Microsoft.AspNetCore.Routing.RouteEndpoint"' (500cc934)
2025-06-13T23:37:05.8417410-04:00 0HNDAUIS8EV48:00000007 [INF] Sending file. Request path: '"favicon.ico"'. Physical path: '"/Users/weixiangzhang/Local Dev/WeisLifeLogger/life_logger_package/app/obj/Debug/net9.0/compressed/3xm0wf2h2k-61n19gt1b8.gz"' (27b0a520)
2025-06-13T23:37:05.8417660-04:00 0HNDAUIS8EV48:00000007 [INF] Executed endpoint '"Microsoft.AspNetCore.Routing.RouteEndpoint"' (99874f2b)
2025-06-13T23:37:05.8418120-04:00 0HNDAUIS8EV48:00000007 [INF] Request finished "HTTP/1.1" "GET" "http"://"localhost:5000""""/favicon.ico""" - 200 5463 "image/x-icon" 0.6244ms (74253ad3)
2025-06-13T23:37:05.8474110-04:00 0HNDAUIS8EV49:0000000A [INF] Request starting "HTTP/1.1" "GET" "http"://"localhost:5000""""/lib/bootstrap/dist/css/bootstrap.min.46ein0sx1k.css""" - null null (d509f86a)
2025-06-13T23:37:05.8477360-04:00 0HNDAUIS8EV49:0000000A [INF] Executing endpoint '"Microsoft.AspNetCore.Routing.RouteEndpoint"' (500cc934)
2025-06-13T23:37:05.8494870-04:00 0HNDAUIS8EV49:0000000A [INF] Sending file. Request path: '"lib/bootstrap/dist/css/bootstrap.min.46ein0sx1k.css"'. Physical path: '"/Users/weixiangzhang/Local Dev/WeisLifeLogger/life_logger_package/app/obj/Debug/net9.0/compressed/iqnijv80lc-46ein0sx1k.gz"' (27b0a520)
2025-06-13T23:37:05.8495170-04:00 0HNDAUIS8EV49:0000000A [INF] Executed endpoint '"Microsoft.AspNetCore.Routing.RouteEndpoint"' (99874f2b)
2025-06-13T23:37:05.8495360-04:00 0HNDAUIS8EV4C:00000002 [INF] Request starting "HTTP/1.1" "GET" "http"://"localhost:5000""""/css/site.b9sayid5wm.css""" - null null (d509f86a)
2025-06-13T23:37:05.8495560-04:00 0HNDAUIS8EV49:0000000A [INF] Request finished "HTTP/1.1" "GET" "http"://"localhost:5000""""/lib/bootstrap/dist/css/bootstrap.min.46ein0sx1k.css""" - 200 232871 "text/css" 2.1588ms (74253ad3)
2025-06-13T23:37:05.8496720-04:00 0HNDAUIS8EV4C:00000002 [INF] Executing endpoint '"Microsoft.AspNetCore.Routing.RouteEndpoint"' (500cc934)
2025-06-13T23:37:05.8499600-04:00 0HNDAUIS8EV4C:00000002 [INF] Sending file. Request path: '"css/site.b9sayid5wm.css"'. Physical path: '"/Users/weixiangzhang/Local Dev/WeisLifeLogger/life_logger_package/app/obj/Debug/net9.0/compressed/87favhtujz-b9sayid5wm.gz"' (27b0a520)
2025-06-13T23:37:05.8499680-04:00 0HNDAUIS8EV4C:00000002 [INF] Executed endpoint '"Microsoft.AspNetCore.Routing.RouteEndpoint"' (99874f2b)
2025-06-13T23:37:05.8499930-04:00 0HNDAUIS8EV4C:00000002 [INF] Request finished "HTTP/1.1" "GET" "http"://"localhost:5000""""/css/site.b9sayid5wm.css""" - 200 700 "text/css" 0.4597ms (74253ad3)
2025-06-13T23:37:05.8522180-04:00 0HNDAUIS8EV4A:00000009 [INF] Request starting "HTTP/1.1" "GET" "http"://"localhost:5000""""/LifeLoggerApp.iou6wqwl5r.styles.css""" - null null (d509f86a)
2025-06-13T23:37:05.8523200-04:00 0HNDAUIS8EV4A:00000009 [INF] Executing endpoint '"Microsoft.AspNetCore.Routing.RouteEndpoint"' (500cc934)
2025-06-13T23:37:05.8525830-04:00 0HNDAUIS8EV4A:00000009 [INF] Sending file. Request path: '"LifeLoggerApp.iou6wqwl5r.styles.css"'. Physical path: '"/Users/weixiangzhang/Local Dev/WeisLifeLogger/life_logger_package/app/obj/Debug/net9.0/compressed/vt0c7pto9e-iou6wqwl5r.gz"' (27b0a520)
2025-06-13T23:37:05.8525990-04:00 0HNDAUIS8EV4A:00000009 [INF] Executed endpoint '"Microsoft.AspNetCore.Routing.RouteEndpoint"' (99874f2b)
2025-06-13T23:37:05.8526300-04:00 0HNDAUIS8EV4A:00000009 [INF] Request finished "HTTP/1.1" "GET" "http"://"localhost:5000""""/LifeLoggerApp.iou6wqwl5r.styles.css""" - 200 1115 "text/css" 0.4066ms (74253ad3)
2025-06-13T23:37:05.8549510-04:00 0HNDAUIS8EV4B:00000002 [INF] Request starting "HTTP/1.1" "GET" "http"://"localhost:5000""""/lib/jquery/dist/jquery.min.o1o13a6vjx.js""" - null null (d509f86a)
2025-06-13T23:37:05.8551000-04:00 0HNDAUIS8EV4B:00000002 [INF] Executing endpoint '"Microsoft.AspNetCore.Routing.RouteEndpoint"' (500cc934)
2025-06-13T23:37:05.8558090-04:00 0HNDAUIS8EV4B:00000002 [INF] Sending file. Request path: '"lib/jquery/dist/jquery.min.o1o13a6vjx.js"'. Physical path: '"/Users/weixiangzhang/Local Dev/WeisLifeLogger/life_logger_package/app/obj/Debug/net9.0/compressed/nkgxv8w9ok-o1o13a6vjx.gz"' (27b0a520)
2025-06-13T23:37:05.8558330-04:00 0HNDAUIS8EV4B:00000002 [INF] Executed endpoint '"Microsoft.AspNetCore.Routing.RouteEndpoint"' (99874f2b)
2025-06-13T23:37:05.8558880-04:00 0HNDAUIS8EV4B:00000002 [INF] Request finished "HTTP/1.1" "GET" "http"://"localhost:5000""""/lib/jquery/dist/jquery.min.o1o13a6vjx.js""" - 200 87576 "text/javascript" 0.925ms (74253ad3)
2025-06-13T23:37:05.8573860-04:00 0HNDAUIS8EV47:0000000C [INF] Request starting "HTTP/1.1" "GET" "http"://"localhost:5000""""/lib/bootstrap/dist/js/bootstrap.bundle.min.493y06b0oq.js""" - null null (d509f86a)
2025-06-13T23:37:05.8575000-04:00 0HNDAUIS8EV47:0000000C [INF] Executing endpoint '"Microsoft.AspNetCore.Routing.RouteEndpoint"' (500cc934)
2025-06-13T23:37:05.8581130-04:00 0HNDAUIS8EV47:0000000C [INF] Sending file. Request path: '"lib/bootstrap/dist/js/bootstrap.bundle.min.493y06b0oq.js"'. Physical path: '"/Users/weixiangzhang/Local Dev/WeisLifeLogger/life_logger_package/app/obj/Debug/net9.0/compressed/eai1gqe2y4-493y06b0oq.gz"' (27b0a520)
2025-06-13T23:37:05.8581310-04:00 0HNDAUIS8EV47:0000000C [INF] Executed endpoint '"Microsoft.AspNetCore.Routing.RouteEndpoint"' (99874f2b)
2025-06-13T23:37:05.8581800-04:00 0HNDAUIS8EV47:0000000C [INF] Request finished "HTTP/1.1" "GET" "http"://"localhost:5000""""/lib/bootstrap/dist/js/bootstrap.bundle.min.493y06b0oq.js""" - 200 80764 "text/javascript" 0.7709ms (74253ad3)
2025-06-13T23:37:05.8598830-04:00 0HNDAUIS8EV48:00000008 [INF] Request starting "HTTP/1.1" "GET" "http"://"localhost:5000""""/js/site.xtxxf3hu2r.js""" - null null (d509f86a)
2025-06-13T23:37:05.8600520-04:00 0HNDAUIS8EV48:00000008 [INF] Executing endpoint '"Microsoft.AspNetCore.Routing.RouteEndpoint"' (500cc934)
2025-06-13T23:37:05.8603980-04:00 0HNDAUIS8EV48:00000008 [INF] Sending file. Request path: '"js/site.xtxxf3hu2r.js"'. Physical path: '"/Users/weixiangzhang/Local Dev/WeisLifeLogger/life_logger_package/app/obj/Debug/net9.0/compressed/pw49ueon34-xtxxf3hu2r.gz"' (27b0a520)
2025-06-13T23:37:05.8604170-04:00 0HNDAUIS8EV48:00000008 [INF] Executed endpoint '"Microsoft.AspNetCore.Routing.RouteEndpoint"' (99874f2b)
2025-06-13T23:37:05.8604820-04:00 0HNDAUIS8EV48:00000008 [INF] Request finished "HTTP/1.1" "GET" "http"://"localhost:5000""""/js/site.xtxxf3hu2r.js""" - 200 264 "text/javascript" 0.5897ms (74253ad3)
2025-06-13T23:37:06.3883380-04:00 0HNDAUIS8EV4C:00000003 [INF] Request starting "HTTP/1.1" "GET" "http"://"localhost:5000""""/""" - null null (d509f86a)
2025-06-13T23:37:06.3884340-04:00 0HNDAUIS8EV4C:00000003 [INF] Executing endpoint '"/Index"' (500cc934)
2025-06-13T23:37:06.3885080-04:00 0HNDAUIS8EV4C:00000003 [INF] Route matched with "{page = \"/Index\"}". Executing page "/Index" (547e620f)
2025-06-13T23:37:06.3886040-04:00 0HNDAUIS8EV4C:00000003 [INF] Executing handler method "LifeLoggerApp.Pages.IndexModel.OnGet" - ModelState is Valid (cd3ef7ec)
2025-06-13T23:37:06.3886160-04:00 0HNDAUIS8EV4C:00000003 [INF] Executed handler method "OnGet", returned result "". (90fdc39c)
2025-06-13T23:37:06.3886370-04:00 0HNDAUIS8EV4C:00000003 [INF] Executing an implicit handler method - ModelState is Valid (232a55d1)
2025-06-13T23:37:06.3886580-04:00 0HNDAUIS8EV4C:00000003 [INF] Executed an implicit handler method, returned result "Microsoft.AspNetCore.Mvc.RazorPages.PageResult". (f857da66)
2025-06-13T23:37:06.3894590-04:00 0HNDAUIS8EV4C:00000003 [INF] Executed page "/Index" in 0.9277ms (02e01280)
2025-06-13T23:37:06.3894750-04:00 0HNDAUIS8EV4C:00000003 [INF] Executed endpoint '"/Index"' (99874f2b)
2025-06-13T23:37:06.3895260-04:00 0HNDAUIS8EV4C:00000003 [INF] Request finished "HTTP/1.1" "GET" "http"://"localhost:5000""""/""" - 200 null "text/html; charset=utf-8" 1.2057ms (74253ad3)
2025-06-13T23:37:06.3901610-04:00 0HNDAUIS8EV47:0000000D [INF] Request starting "HTTP/1.1" "GET" "http"://"localhost:5000""""/css/site.b9sayid5wm.css""" - null null (d509f86a)
2025-06-13T23:37:06.3902750-04:00 0HNDAUIS8EV48:00000009 [INF] Request starting "HTTP/1.1" "GET" "http"://"localhost:5000""""/LifeLoggerApp.iou6wqwl5r.styles.css""" - null null (d509f86a)
2025-06-13T23:37:06.3903110-04:00 0HNDAUIS8EV47:0000000D [INF] Executing endpoint '"Microsoft.AspNetCore.Routing.RouteEndpoint"' (500cc934)
2025-06-13T23:37:06.3903360-04:00 0HNDAUIS8EV48:00000009 [INF] Executing endpoint '"Microsoft.AspNetCore.Routing.RouteEndpoint"' (500cc934)
2025-06-13T23:37:06.3904510-04:00 0HNDAUIS8EV49:0000000B [INF] Request starting "HTTP/1.1" "GET" "http"://"localhost:5000""""/lib/jquery/dist/jquery.min.o1o13a6vjx.js""" - null null (d509f86a)
2025-06-13T23:37:06.3905150-04:00 0HNDAUIS8EV49:0000000B [INF] Executing endpoint '"Microsoft.AspNetCore.Routing.RouteEndpoint"' (500cc934)
2025-06-13T23:37:06.3905980-04:00 0HNDAUIS8EV47:0000000D [INF] Sending file. Request path: '"css/site.b9sayid5wm.css"'. Physical path: '"/Users/weixiangzhang/Local Dev/WeisLifeLogger/life_logger_package/app/obj/Debug/net9.0/compressed/87favhtujz-b9sayid5wm.gz"' (27b0a520)
2025-06-13T23:37:06.3905980-04:00 0HNDAUIS8EV48:00000009 [INF] Sending file. Request path: '"LifeLoggerApp.iou6wqwl5r.styles.css"'. Physical path: '"/Users/weixiangzhang/Local Dev/WeisLifeLogger/life_logger_package/app/obj/Debug/net9.0/compressed/vt0c7pto9e-iou6wqwl5r.gz"' (27b0a520)
2025-06-13T23:37:06.3906050-04:00 0HNDAUIS8EV47:0000000D [INF] Executed endpoint '"Microsoft.AspNetCore.Routing.RouteEndpoint"' (99874f2b)
2025-06-13T23:37:06.3906060-04:00 0HNDAUIS8EV48:00000009 [INF] Executed endpoint '"Microsoft.AspNetCore.Routing.RouteEndpoint"' (99874f2b)
2025-06-13T23:37:06.3906260-04:00 0HNDAUIS8EV4A:0000000A [INF] Request starting "HTTP/1.1" "GET" "http"://"localhost:5000""""/js/site.xtxxf3hu2r.js""" - null null (d509f86a)
2025-06-13T23:37:06.3906400-04:00 0HNDAUIS8EV47:0000000D [INF] Request finished "HTTP/1.1" "GET" "http"://"localhost:5000""""/css/site.b9sayid5wm.css""" - 200 700 "text/css" 0.4766ms (74253ad3)
2025-06-13T23:37:06.3906540-04:00 0HNDAUIS8EV48:00000009 [INF] Request finished "HTTP/1.1" "GET" "http"://"localhost:5000""""/LifeLoggerApp.iou6wqwl5r.styles.css""" - 200 1115 "text/css" 0.3737ms (74253ad3)
2025-06-13T23:37:06.3906710-04:00 0HNDAUIS8EV4A:0000000A [INF] Executing endpoint '"Microsoft.AspNetCore.Routing.RouteEndpoint"' (500cc934)
2025-06-13T23:37:06.3907670-04:00 0HNDAUIS8EV4B:00000003 [INF] Request starting "HTTP/1.1" "GET" "http"://"localhost:5000""""/lib/bootstrap/dist/js/bootstrap.bundle.min.493y06b0oq.js""" - null null (d509f86a)
2025-06-13T23:37:06.3908170-04:00 0HNDAUIS8EV4A:0000000A [INF] Sending file. Request path: '"js/site.xtxxf3hu2r.js"'. Physical path: '"/Users/weixiangzhang/Local Dev/WeisLifeLogger/life_logger_package/app/obj/Debug/net9.0/compressed/pw49ueon34-xtxxf3hu2r.gz"' (27b0a520)
2025-06-13T23:37:06.3908230-04:00 0HNDAUIS8EV4A:0000000A [INF] Executed endpoint '"Microsoft.AspNetCore.Routing.RouteEndpoint"' (99874f2b)
2025-06-13T23:37:06.3908180-04:00 0HNDAUIS8EV4B:00000003 [INF] Executing endpoint '"Microsoft.AspNetCore.Routing.RouteEndpoint"' (500cc934)
2025-06-13T23:37:06.3908350-04:00 0HNDAUIS8EV4A:0000000A [INF] Request finished "HTTP/1.1" "GET" "http"://"localhost:5000""""/js/site.xtxxf3hu2r.js""" - 200 264 "text/javascript" 0.2109ms (74253ad3)
2025-06-13T23:37:06.3909470-04:00 0HNDAUIS8EV49:0000000B [INF] Sending file. Request path: '"lib/jquery/dist/jquery.min.o1o13a6vjx.js"'. Physical path: '"/Users/weixiangzhang/Local Dev/WeisLifeLogger/life_logger_package/app/obj/Debug/net9.0/compressed/nkgxv8w9ok-o1o13a6vjx.gz"' (27b0a520)
2025-06-13T23:37:06.3909580-04:00 0HNDAUIS8EV49:0000000B [INF] Executed endpoint '"Microsoft.AspNetCore.Routing.RouteEndpoint"' (99874f2b)
2025-06-13T23:37:06.3909870-04:00 0HNDAUIS8EV49:0000000B [INF] Request finished "HTTP/1.1" "GET" "http"://"localhost:5000""""/lib/jquery/dist/jquery.min.o1o13a6vjx.js""" - 200 87576 "text/javascript" 0.5262ms (74253ad3)
2025-06-13T23:37:06.3911300-04:00 0HNDAUIS8EV4C:00000004 [INF] Request starting "HTTP/1.1" "GET" "http"://"localhost:5000""""/lib/bootstrap/dist/css/bootstrap.min.46ein0sx1k.css""" - null null (d509f86a)
2025-06-13T23:37:06.3912380-04:00 0HNDAUIS8EV4C:00000004 [INF] Executing endpoint '"Microsoft.AspNetCore.Routing.RouteEndpoint"' (500cc934)
2025-06-13T23:37:06.3913170-04:00 0HNDAUIS8EV4B:00000003 [INF] Sending file. Request path: '"lib/bootstrap/dist/js/bootstrap.bundle.min.493y06b0oq.js"'. Physical path: '"/Users/weixiangzhang/Local Dev/WeisLifeLogger/life_logger_package/app/obj/Debug/net9.0/compressed/eai1gqe2y4-493y06b0oq.gz"' (27b0a520)
2025-06-13T23:37:06.3913320-04:00 0HNDAUIS8EV4B:00000003 [INF] Executed endpoint '"Microsoft.AspNetCore.Routing.RouteEndpoint"' (99874f2b)
2025-06-13T23:37:06.3913540-04:00 0HNDAUIS8EV4B:00000003 [INF] Request finished "HTTP/1.1" "GET" "http"://"localhost:5000""""/lib/bootstrap/dist/js/bootstrap.bundle.min.493y06b0oq.js""" - 200 80764 "text/javascript" 0.58ms (74253ad3)
2025-06-13T23:37:06.3915490-04:00 0HNDAUIS8EV48:0000000A [INF] Request starting "HTTP/1.1" "GET" "http"://"localhost:5000""""/favicon.ico""" - null null (d509f86a)
2025-06-13T23:37:06.3916730-04:00 0HNDAUIS8EV48:0000000A [INF] Executing endpoint '"Microsoft.AspNetCore.Routing.RouteEndpoint"' (500cc934)
2025-06-13T23:37:06.3919330-04:00 0HNDAUIS8EV48:0000000A [INF] Sending file. Request path: '"favicon.ico"'. Physical path: '"/Users/weixiangzhang/Local Dev/WeisLifeLogger/life_logger_package/app/obj/Debug/net9.0/compressed/3xm0wf2h2k-61n19gt1b8.gz"' (27b0a520)
2025-06-13T23:37:06.3919410-04:00 0HNDAUIS8EV48:0000000A [INF] Executed endpoint '"Microsoft.AspNetCore.Routing.RouteEndpoint"' (99874f2b)
2025-06-13T23:37:06.3919670-04:00 0HNDAUIS8EV48:0000000A [INF] Request finished "HTTP/1.1" "GET" "http"://"localhost:5000""""/favicon.ico""" - 200 5463 "image/x-icon" 0.413ms (74253ad3)
2025-06-13T23:37:06.3921760-04:00 0HNDAUIS8EV4C:00000004 [INF] Sending file. Request path: '"lib/bootstrap/dist/css/bootstrap.min.46ein0sx1k.css"'. Physical path: '"/Users/weixiangzhang/Local Dev/WeisLifeLogger/life_logger_package/app/obj/Debug/net9.0/compressed/iqnijv80lc-46ein0sx1k.gz"' (27b0a520)
2025-06-13T23:37:06.3921850-04:00 0HNDAUIS8EV4C:00000004 [INF] Executed endpoint '"Microsoft.AspNetCore.Routing.RouteEndpoint"' (99874f2b)
2025-06-13T23:37:06.3922030-04:00 0HNDAUIS8EV4C:00000004 [INF] Request finished "HTTP/1.1" "GET" "http"://"localhost:5000""""/lib/bootstrap/dist/css/bootstrap.min.46ein0sx1k.css""" - 200 232871 "text/css" 1.0727ms (74253ad3)
2025-06-13T23:37:06.3986020-04:00 0HNDAUIS8EV47:0000000E [INF] Request starting "HTTP/1.1" "GET" "http"://"localhost:5000""""/lib/bootstrap/dist/css/bootstrap.min.46ein0sx1k.css""" - null null (d509f86a)
2025-06-13T23:37:06.3988360-04:00 0HNDAUIS8EV47:0000000E [INF] Executing endpoint '"Microsoft.AspNetCore.Routing.RouteEndpoint"' (500cc934)
2025-06-13T23:37:06.4005960-04:00 0HNDAUIS8EV47:0000000E [INF] Sending file. Request path: '"lib/bootstrap/dist/css/bootstrap.min.46ein0sx1k.css"'. Physical path: '"/Users/weixiangzhang/Local Dev/WeisLifeLogger/life_logger_package/app/obj/Debug/net9.0/compressed/iqnijv80lc-46ein0sx1k.gz"' (27b0a520)
2025-06-13T23:37:06.4006280-04:00 0HNDAUIS8EV47:0000000E [INF] Executed endpoint '"Microsoft.AspNetCore.Routing.RouteEndpoint"' (99874f2b)
2025-06-13T23:37:06.4006920-04:00 0HNDAUIS8EV47:0000000E [INF] Request finished "HTTP/1.1" "GET" "http"://"localhost:5000""""/lib/bootstrap/dist/css/bootstrap.min.46ein0sx1k.css""" - 200 232871 "text/css" 2.0687ms (74253ad3)
2025-06-13T23:37:06.4007090-04:00 0HNDAUIS8EV4A:0000000B [INF] Request starting "HTTP/1.1" "GET" "http"://"localhost:5000""""/css/site.b9sayid5wm.css""" - null null (d509f86a)
2025-06-13T23:37:06.4008060-04:00 0HNDAUIS8EV4A:0000000B [INF] Executing endpoint '"Microsoft.AspNetCore.Routing.RouteEndpoint"' (500cc934)
2025-06-13T23:37:06.4013470-04:00 0HNDAUIS8EV4A:0000000B [INF] Sending file. Request path: '"css/site.b9sayid5wm.css"'. Physical path: '"/Users/weixiangzhang/Local Dev/WeisLifeLogger/life_logger_package/app/obj/Debug/net9.0/compressed/87favhtujz-b9sayid5wm.gz"' (27b0a520)
2025-06-13T23:37:06.4013610-04:00 0HNDAUIS8EV4A:0000000B [INF] Executed endpoint '"Microsoft.AspNetCore.Routing.RouteEndpoint"' (99874f2b)
2025-06-13T23:37:06.4013960-04:00 0HNDAUIS8EV4A:0000000B [INF] Request finished "HTTP/1.1" "GET" "http"://"localhost:5000""""/css/site.b9sayid5wm.css""" - 200 700 "text/css" 0.6715ms (74253ad3)
2025-06-13T23:37:06.4028530-04:00 0HNDAUIS8EV49:0000000C [INF] Request starting "HTTP/1.1" "GET" "http"://"localhost:5000""""/LifeLoggerApp.iou6wqwl5r.styles.css""" - null null (d509f86a)
2025-06-13T23:37:06.4029850-04:00 0HNDAUIS8EV49:0000000C [INF] Executing endpoint '"Microsoft.AspNetCore.Routing.RouteEndpoint"' (500cc934)
2025-06-13T23:37:06.4033450-04:00 0HNDAUIS8EV49:0000000C [INF] Sending file. Request path: '"LifeLoggerApp.iou6wqwl5r.styles.css"'. Physical path: '"/Users/weixiangzhang/Local Dev/WeisLifeLogger/life_logger_package/app/obj/Debug/net9.0/compressed/vt0c7pto9e-iou6wqwl5r.gz"' (27b0a520)
2025-06-13T23:37:06.4033600-04:00 0HNDAUIS8EV49:0000000C [INF] Executed endpoint '"Microsoft.AspNetCore.Routing.RouteEndpoint"' (99874f2b)
2025-06-13T23:37:06.4033890-04:00 0HNDAUIS8EV49:0000000C [INF] Request finished "HTTP/1.1" "GET" "http"://"localhost:5000""""/LifeLoggerApp.iou6wqwl5r.styles.css""" - 200 1115 "text/css" 0.5461ms (74253ad3)
2025-06-13T23:37:06.4052600-04:00 0HNDAUIS8EV4B:00000004 [INF] Request starting "HTTP/1.1" "GET" "http"://"localhost:5000""""/lib/jquery/dist/jquery.min.o1o13a6vjx.js""" - null null (d509f86a)
2025-06-13T23:37:06.4054080-04:00 0HNDAUIS8EV4B:00000004 [INF] Executing endpoint '"Microsoft.AspNetCore.Routing.RouteEndpoint"' (500cc934)
2025-06-13T23:37:06.4058910-04:00 0HNDAUIS8EV4B:00000004 [INF] Sending file. Request path: '"lib/jquery/dist/jquery.min.o1o13a6vjx.js"'. Physical path: '"/Users/weixiangzhang/Local Dev/WeisLifeLogger/life_logger_package/app/obj/Debug/net9.0/compressed/nkgxv8w9ok-o1o13a6vjx.gz"' (27b0a520)
2025-06-13T23:37:06.4059040-04:00 0HNDAUIS8EV4B:00000004 [INF] Executed endpoint '"Microsoft.AspNetCore.Routing.RouteEndpoint"' (99874f2b)
2025-06-13T23:37:06.4059270-04:00 0HNDAUIS8EV4B:00000004 [INF] Request finished "HTTP/1.1" "GET" "http"://"localhost:5000""""/lib/jquery/dist/jquery.min.o1o13a6vjx.js""" - 200 87576 "text/javascript" 0.6715ms (74253ad3)
2025-06-13T23:37:06.4072390-04:00 0HNDAUIS8EV48:0000000B [INF] Request starting "HTTP/1.1" "GET" "http"://"localhost:5000""""/lib/bootstrap/dist/js/bootstrap.bundle.min.493y06b0oq.js""" - null null (d509f86a)
2025-06-13T23:37:06.4073520-04:00 0HNDAUIS8EV48:0000000B [INF] Executing endpoint '"Microsoft.AspNetCore.Routing.RouteEndpoint"' (500cc934)
2025-06-13T23:37:06.4078370-04:00 0HNDAUIS8EV48:0000000B [INF] Sending file. Request path: '"lib/bootstrap/dist/js/bootstrap.bundle.min.493y06b0oq.js"'. Physical path: '"/Users/weixiangzhang/Local Dev/WeisLifeLogger/life_logger_package/app/obj/Debug/net9.0/compressed/eai1gqe2y4-493y06b0oq.gz"' (27b0a520)
2025-06-13T23:37:06.4078510-04:00 0HNDAUIS8EV48:0000000B [INF] Executed endpoint '"Microsoft.AspNetCore.Routing.RouteEndpoint"' (99874f2b)
2025-06-13T23:37:06.4078800-04:00 0HNDAUIS8EV48:0000000B [INF] Request finished "HTTP/1.1" "GET" "http"://"localhost:5000""""/lib/bootstrap/dist/js/bootstrap.bundle.min.493y06b0oq.js""" - 200 80764 "text/javascript" 0.6362ms (74253ad3)
2025-06-13T23:37:06.4092820-04:00 0HNDAUIS8EV4C:00000005 [INF] Request starting "HTTP/1.1" "GET" "http"://"localhost:5000""""/js/site.xtxxf3hu2r.js""" - null null (d509f86a)
2025-06-13T23:37:06.4093750-04:00 0HNDAUIS8EV4C:00000005 [INF] Executing endpoint '"Microsoft.AspNetCore.Routing.RouteEndpoint"' (500cc934)
2025-06-13T23:37:06.4096310-04:00 0HNDAUIS8EV4C:00000005 [INF] Sending file. Request path: '"js/site.xtxxf3hu2r.js"'. Physical path: '"/Users/weixiangzhang/Local Dev/WeisLifeLogger/life_logger_package/app/obj/Debug/net9.0/compressed/pw49ueon34-xtxxf3hu2r.gz"' (27b0a520)
2025-06-13T23:37:06.4096420-04:00 0HNDAUIS8EV4C:00000005 [INF] Executed endpoint '"Microsoft.AspNetCore.Routing.RouteEndpoint"' (99874f2b)
2025-06-13T23:37:06.4096650-04:00 0HNDAUIS8EV4C:00000005 [INF] Request finished "HTTP/1.1" "GET" "http"://"localhost:5000""""/js/site.xtxxf3hu2r.js""" - 200 264 "text/javascript" 0.3773ms (74253ad3)
2025-06-13T23:37:09.3562020-04:00 0HNDAUIS8EV4A:0000000C [INF] Request starting "HTTP/1.1" "GET" "http"://"localhost:5000""""/""" - null null (d509f86a)
2025-06-13T23:37:09.3562920-04:00 0HNDAUIS8EV4A:0000000C [INF] Executing endpoint '"/Index"' (500cc934)
2025-06-13T23:37:09.3563520-04:00 0HNDAUIS8EV4A:0000000C [INF] Route matched with "{page = \"/Index\"}". Executing page "/Index" (547e620f)
2025-06-13T23:37:09.3564340-04:00 0HNDAUIS8EV4A:0000000C [INF] Executing handler method "LifeLoggerApp.Pages.IndexModel.OnGet" - ModelState is Valid (cd3ef7ec)
2025-06-13T23:37:09.3564450-04:00 0HNDAUIS8EV4A:0000000C [INF] Executed handler method "OnGet", returned result "". (90fdc39c)
2025-06-13T23:37:09.3564520-04:00 0HNDAUIS8EV4A:0000000C [INF] Executing an implicit handler method - ModelState is Valid (232a55d1)
2025-06-13T23:37:09.3564600-04:00 0HNDAUIS8EV4A:0000000C [INF] Executed an implicit handler method, returned result "Microsoft.AspNetCore.Mvc.RazorPages.PageResult". (f857da66)
2025-06-13T23:37:09.3570120-04:00 0HNDAUIS8EV4A:0000000C [INF] Executed page "/Index" in 0.6399ms (02e01280)
2025-06-13T23:37:09.3570350-04:00 0HNDAUIS8EV4A:0000000C [INF] Executed endpoint '"/Index"' (99874f2b)
2025-06-13T23:37:09.3570930-04:00 0HNDAUIS8EV4A:0000000C [INF] Request finished "HTTP/1.1" "GET" "http"://"localhost:5000""""/""" - 200 null "text/html; charset=utf-8" 0.891ms (74253ad3)
2025-06-13T23:37:09.3601700-04:00 0HNDAUIS8EV48:0000000C [INF] Request starting "HTTP/1.1" "GET" "http"://"localhost:5000""""/css/site.b9sayid5wm.css""" - null null (d509f86a)
2025-06-13T23:37:09.3603360-04:00 0HNDAUIS8EV48:0000000C [INF] Executing endpoint '"Microsoft.AspNetCore.Routing.RouteEndpoint"' (500cc934)
2025-06-13T23:37:09.3607290-04:00 0HNDAUIS8EV48:0000000C [INF] Sending file. Request path: '"css/site.b9sayid5wm.css"'. Physical path: '"/Users/weixiangzhang/Local Dev/WeisLifeLogger/life_logger_package/app/obj/Debug/net9.0/compressed/87favhtujz-b9sayid5wm.gz"' (27b0a520)
2025-06-13T23:37:09.3607510-04:00 0HNDAUIS8EV48:0000000C [INF] Executed endpoint '"Microsoft.AspNetCore.Routing.RouteEndpoint"' (99874f2b)
2025-06-13T23:37:09.3608030-04:00 0HNDAUIS8EV48:0000000C [INF] Request finished "HTTP/1.1" "GET" "http"://"localhost:5000""""/css/site.b9sayid5wm.css""" - 200 700 "text/css" 0.6235ms (74253ad3)
2025-06-13T23:37:09.3608950-04:00 0HNDAUIS8EV4C:00000006 [INF] Request starting "HTTP/1.1" "GET" "http"://"localhost:5000""""/LifeLoggerApp.iou6wqwl5r.styles.css""" - null null (d509f86a)
2025-06-13T23:37:09.3610050-04:00 0HNDAUIS8EV4C:00000006 [INF] Executing endpoint '"Microsoft.AspNetCore.Routing.RouteEndpoint"' (500cc934)
2025-06-13T23:37:09.3613890-04:00 0HNDAUIS8EV4C:00000006 [INF] Sending file. Request path: '"LifeLoggerApp.iou6wqwl5r.styles.css"'. Physical path: '"/Users/weixiangzhang/Local Dev/WeisLifeLogger/life_logger_package/app/obj/Debug/net9.0/compressed/vt0c7pto9e-iou6wqwl5r.gz"' (27b0a520)
2025-06-13T23:37:09.3614110-04:00 0HNDAUIS8EV4C:00000006 [INF] Executed endpoint '"Microsoft.AspNetCore.Routing.RouteEndpoint"' (99874f2b)
2025-06-13T23:37:09.3614970-04:00 0HNDAUIS8EV4C:00000006 [INF] Request finished "HTTP/1.1" "GET" "http"://"localhost:5000""""/LifeLoggerApp.iou6wqwl5r.styles.css""" - 200 1115 "text/css" 0.5349ms (74253ad3)
2025-06-13T23:37:09.3617530-04:00 0HNDAUIS8EV47:0000000F [INF] Request starting "HTTP/1.1" "GET" "http"://"localhost:5000""""/lib/bootstrap/dist/js/bootstrap.bundle.min.493y06b0oq.js""" - null null (d509f86a)
2025-06-13T23:37:09.3618950-04:00 0HNDAUIS8EV47:0000000F [INF] Executing endpoint '"Microsoft.AspNetCore.Routing.RouteEndpoint"' (500cc934)
2025-06-13T23:37:09.3624710-04:00 0HNDAUIS8EV47:0000000F [INF] Sending file. Request path: '"lib/bootstrap/dist/js/bootstrap.bundle.min.493y06b0oq.js"'. Physical path: '"/Users/weixiangzhang/Local Dev/WeisLifeLogger/life_logger_package/app/obj/Debug/net9.0/compressed/eai1gqe2y4-493y06b0oq.gz"' (27b0a520)
2025-06-13T23:37:09.3624900-04:00 0HNDAUIS8EV47:0000000F [INF] Executed endpoint '"Microsoft.AspNetCore.Routing.RouteEndpoint"' (99874f2b)
2025-06-13T23:37:09.3624960-04:00 0HNDAUIS8EV49:0000000D [INF] Request starting "HTTP/1.1" "GET" "http"://"localhost:5000""""/lib/jquery/dist/jquery.min.o1o13a6vjx.js""" - null null (d509f86a)
2025-06-13T23:37:09.3625140-04:00 0HNDAUIS8EV47:0000000F [INF] Request finished "HTTP/1.1" "GET" "http"://"localhost:5000""""/lib/bootstrap/dist/js/bootstrap.bundle.min.493y06b0oq.js""" - 200 80764 "text/javascript" 0.757ms (74253ad3)
2025-06-13T23:37:09.3625660-04:00 0HNDAUIS8EV49:0000000D [INF] Executing endpoint '"Microsoft.AspNetCore.Routing.RouteEndpoint"' (500cc934)
2025-06-13T23:37:09.3630350-04:00 0HNDAUIS8EV49:0000000D [INF] Sending file. Request path: '"lib/jquery/dist/jquery.min.o1o13a6vjx.js"'. Physical path: '"/Users/weixiangzhang/Local Dev/WeisLifeLogger/life_logger_package/app/obj/Debug/net9.0/compressed/nkgxv8w9ok-o1o13a6vjx.gz"' (27b0a520)
2025-06-13T23:37:09.3630520-04:00 0HNDAUIS8EV49:0000000D [INF] Executed endpoint '"Microsoft.AspNetCore.Routing.RouteEndpoint"' (99874f2b)
2025-06-13T23:37:09.3630710-04:00 0HNDAUIS8EV49:0000000D [INF] Request finished "HTTP/1.1" "GET" "http"://"localhost:5000""""/lib/jquery/dist/jquery.min.o1o13a6vjx.js""" - 200 87576 "text/javascript" 0.5826ms (74253ad3)
2025-06-13T23:37:09.3630850-04:00 0HNDAUIS8EV4B:00000005 [INF] Request starting "HTTP/1.1" "GET" "http"://"localhost:5000""""/lib/bootstrap/dist/css/bootstrap.min.46ein0sx1k.css""" - null null (d509f86a)
2025-06-13T23:37:09.3631640-04:00 0HNDAUIS8EV4B:00000005 [INF] Executing endpoint '"Microsoft.AspNetCore.Routing.RouteEndpoint"' (500cc934)
2025-06-13T23:37:09.3641000-04:00 0HNDAUIS8EV4B:00000005 [INF] Sending file. Request path: '"lib/bootstrap/dist/css/bootstrap.min.46ein0sx1k.css"'. Physical path: '"/Users/weixiangzhang/Local Dev/WeisLifeLogger/life_logger_package/app/obj/Debug/net9.0/compressed/iqnijv80lc-46ein0sx1k.gz"' (27b0a520)
2025-06-13T23:37:09.3641350-04:00 0HNDAUIS8EV4B:00000005 [INF] Executed endpoint '"Microsoft.AspNetCore.Routing.RouteEndpoint"' (99874f2b)
2025-06-13T23:37:09.3641630-04:00 0HNDAUIS8EV4B:00000005 [INF] Request finished "HTTP/1.1" "GET" "http"://"localhost:5000""""/lib/bootstrap/dist/css/bootstrap.min.46ein0sx1k.css""" - 200 232871 "text/css" 1.0691ms (74253ad3)
2025-06-13T23:37:09.3643590-04:00 0HNDAUIS8EV4A:0000000D [INF] Request starting "HTTP/1.1" "GET" "http"://"localhost:5000""""/js/site.xtxxf3hu2r.js""" - null null (d509f86a)
2025-06-13T23:37:09.3644560-04:00 0HNDAUIS8EV4A:0000000D [INF] Executing endpoint '"Microsoft.AspNetCore.Routing.RouteEndpoint"' (500cc934)
2025-06-13T23:37:09.3647150-04:00 0HNDAUIS8EV4A:0000000D [INF] Sending file. Request path: '"js/site.xtxxf3hu2r.js"'. Physical path: '"/Users/weixiangzhang/Local Dev/WeisLifeLogger/life_logger_package/app/obj/Debug/net9.0/compressed/pw49ueon34-xtxxf3hu2r.gz"' (27b0a520)
2025-06-13T23:37:09.3647310-04:00 0HNDAUIS8EV4A:0000000D [INF] Executed endpoint '"Microsoft.AspNetCore.Routing.RouteEndpoint"' (99874f2b)
2025-06-13T23:37:09.3647640-04:00 0HNDAUIS8EV4A:0000000D [INF] Request finished "HTTP/1.1" "GET" "http"://"localhost:5000""""/js/site.xtxxf3hu2r.js""" - 200 264 "text/javascript" 0.3944ms (74253ad3)
2025-06-13T23:37:09.3651660-04:00 0HNDAUIS8EV48:0000000D [INF] Request starting "HTTP/1.1" "GET" "http"://"localhost:5000""""/favicon.ico""" - null null (d509f86a)
2025-06-13T23:37:09.3653150-04:00 0HNDAUIS8EV48:0000000D [INF] Executing endpoint '"Microsoft.AspNetCore.Routing.RouteEndpoint"' (500cc934)
2025-06-13T23:37:09.3656070-04:00 0HNDAUIS8EV48:0000000D [INF] Sending file. Request path: '"favicon.ico"'. Physical path: '"/Users/weixiangzhang/Local Dev/WeisLifeLogger/life_logger_package/app/obj/Debug/net9.0/compressed/3xm0wf2h2k-61n19gt1b8.gz"' (27b0a520)
2025-06-13T23:37:09.3656220-04:00 0HNDAUIS8EV48:0000000D [INF] Executed endpoint '"Microsoft.AspNetCore.Routing.RouteEndpoint"' (99874f2b)
2025-06-13T23:37:09.3656560-04:00 0HNDAUIS8EV48:0000000D [INF] Request finished "HTTP/1.1" "GET" "http"://"localhost:5000""""/favicon.ico""" - 200 5463 "image/x-icon" 0.4848ms (74253ad3)
2025-06-13T23:37:09.3731110-04:00 0HNDAUIS8EV4C:00000007 [INF] Request starting "HTTP/1.1" "GET" "http"://"localhost:5000""""/lib/bootstrap/dist/css/bootstrap.min.46ein0sx1k.css""" - null null (d509f86a)
2025-06-13T23:37:09.3732540-04:00 0HNDAUIS8EV4C:00000007 [INF] Executing endpoint '"Microsoft.AspNetCore.Routing.RouteEndpoint"' (500cc934)
2025-06-13T23:37:09.3744780-04:00 0HNDAUIS8EV4C:00000007 [INF] Sending file. Request path: '"lib/bootstrap/dist/css/bootstrap.min.46ein0sx1k.css"'. Physical path: '"/Users/weixiangzhang/Local Dev/WeisLifeLogger/life_logger_package/app/obj/Debug/net9.0/compressed/iqnijv80lc-46ein0sx1k.gz"' (27b0a520)
2025-06-13T23:37:09.3744990-04:00 0HNDAUIS8EV4C:00000007 [INF] Executed endpoint '"Microsoft.AspNetCore.Routing.RouteEndpoint"' (99874f2b)
2025-06-13T23:37:09.3745320-04:00 0HNDAUIS8EV4C:00000007 [INF] Request finished "HTTP/1.1" "GET" "http"://"localhost:5000""""/lib/bootstrap/dist/css/bootstrap.min.46ein0sx1k.css""" - 200 232871 "text/css" 1.4191ms (74253ad3)
2025-06-13T23:37:09.3751790-04:00 0HNDAUIS8EV47:00000010 [INF] Request starting "HTTP/1.1" "GET" "http"://"localhost:5000""""/css/site.b9sayid5wm.css""" - null null (d509f86a)
2025-06-13T23:37:09.3752880-04:00 0HNDAUIS8EV47:00000010 [INF] Executing endpoint '"Microsoft.AspNetCore.Routing.RouteEndpoint"' (500cc934)
2025-06-13T23:37:09.3754390-04:00 0HNDAUIS8EV47:00000010 [INF] Sending file. Request path: '"css/site.b9sayid5wm.css"'. Physical path: '"/Users/weixiangzhang/Local Dev/WeisLifeLogger/life_logger_package/app/obj/Debug/net9.0/compressed/87favhtujz-b9sayid5wm.gz"' (27b0a520)
2025-06-13T23:37:09.3754470-04:00 0HNDAUIS8EV47:00000010 [INF] Executed endpoint '"Microsoft.AspNetCore.Routing.RouteEndpoint"' (99874f2b)
2025-06-13T23:37:09.3754610-04:00 0HNDAUIS8EV47:00000010 [INF] Request finished "HTTP/1.1" "GET" "http"://"localhost:5000""""/css/site.b9sayid5wm.css""" - 200 700 "text/css" 0.2823ms (74253ad3)
2025-06-13T23:37:09.3778740-04:00 0HNDAUIS8EV49:0000000E [INF] Request starting "HTTP/1.1" "GET" "http"://"localhost:5000""""/LifeLoggerApp.iou6wqwl5r.styles.css""" - null null (d509f86a)
2025-06-13T23:37:09.3780450-04:00 0HNDAUIS8EV49:0000000E [INF] Executing endpoint '"Microsoft.AspNetCore.Routing.RouteEndpoint"' (500cc934)
2025-06-13T23:37:09.3783000-04:00 0HNDAUIS8EV49:0000000E [INF] Sending file. Request path: '"LifeLoggerApp.iou6wqwl5r.styles.css"'. Physical path: '"/Users/weixiangzhang/Local Dev/WeisLifeLogger/life_logger_package/app/obj/Debug/net9.0/compressed/vt0c7pto9e-iou6wqwl5r.gz"' (27b0a520)
2025-06-13T23:37:09.3783160-04:00 0HNDAUIS8EV49:0000000E [INF] Executed endpoint '"Microsoft.AspNetCore.Routing.RouteEndpoint"' (99874f2b)
2025-06-13T23:37:09.3783440-04:00 0HNDAUIS8EV49:0000000E [INF] Request finished "HTTP/1.1" "GET" "http"://"localhost:5000""""/LifeLoggerApp.iou6wqwl5r.styles.css""" - 200 1115 "text/css" 0.4658ms (74253ad3)
2025-06-13T23:37:09.3797400-04:00 0HNDAUIS8EV4B:00000006 [INF] Request starting "HTTP/1.1" "GET" "http"://"localhost:5000""""/lib/jquery/dist/jquery.min.o1o13a6vjx.js""" - null null (d509f86a)
2025-06-13T23:37:09.3798490-04:00 0HNDAUIS8EV4B:00000006 [INF] Executing endpoint '"Microsoft.AspNetCore.Routing.RouteEndpoint"' (500cc934)
2025-06-13T23:37:09.3803400-04:00 0HNDAUIS8EV4B:00000006 [INF] Sending file. Request path: '"lib/jquery/dist/jquery.min.o1o13a6vjx.js"'. Physical path: '"/Users/weixiangzhang/Local Dev/WeisLifeLogger/life_logger_package/app/obj/Debug/net9.0/compressed/nkgxv8w9ok-o1o13a6vjx.gz"' (27b0a520)
2025-06-13T23:37:09.3803620-04:00 0HNDAUIS8EV4B:00000006 [INF] Executed endpoint '"Microsoft.AspNetCore.Routing.RouteEndpoint"' (99874f2b)
2025-06-13T23:37:09.3803930-04:00 0HNDAUIS8EV4B:00000006 [INF] Request finished "HTTP/1.1" "GET" "http"://"localhost:5000""""/lib/jquery/dist/jquery.min.o1o13a6vjx.js""" - 200 87576 "text/javascript" 0.6499ms (74253ad3)
2025-06-13T23:37:09.3818950-04:00 0HNDAUIS8EV4A:0000000E [INF] Request starting "HTTP/1.1" "GET" "http"://"localhost:5000""""/lib/bootstrap/dist/js/bootstrap.bundle.min.493y06b0oq.js""" - null null (d509f86a)
2025-06-13T23:37:09.3820010-04:00 0HNDAUIS8EV4A:0000000E [INF] Executing endpoint '"Microsoft.AspNetCore.Routing.RouteEndpoint"' (500cc934)
2025-06-13T23:37:09.3826410-04:00 0HNDAUIS8EV4A:0000000E [INF] Sending file. Request path: '"lib/bootstrap/dist/js/bootstrap.bundle.min.493y06b0oq.js"'. Physical path: '"/Users/weixiangzhang/Local Dev/WeisLifeLogger/life_logger_package/app/obj/Debug/net9.0/compressed/eai1gqe2y4-493y06b0oq.gz"' (27b0a520)
2025-06-13T23:37:09.3826600-04:00 0HNDAUIS8EV4A:0000000E [INF] Executed endpoint '"Microsoft.AspNetCore.Routing.RouteEndpoint"' (99874f2b)
2025-06-13T23:37:09.3827770-04:00 0HNDAUIS8EV4A:0000000E [INF] Request finished "HTTP/1.1" "GET" "http"://"localhost:5000""""/lib/bootstrap/dist/js/bootstrap.bundle.min.493y06b0oq.js""" - 200 80764 "text/javascript" 0.8496ms (74253ad3)
2025-06-13T23:37:09.3843170-04:00 0HNDAUIS8EV48:0000000E [INF] Request starting "HTTP/1.1" "GET" "http"://"localhost:5000""""/js/site.xtxxf3hu2r.js""" - null null (d509f86a)
2025-06-13T23:37:09.3844690-04:00 0HNDAUIS8EV48:0000000E [INF] Executing endpoint '"Microsoft.AspNetCore.Routing.RouteEndpoint"' (500cc934)
2025-06-13T23:37:09.3847660-04:00 0HNDAUIS8EV48:0000000E [INF] Sending file. Request path: '"js/site.xtxxf3hu2r.js"'. Physical path: '"/Users/weixiangzhang/Local Dev/WeisLifeLogger/life_logger_package/app/obj/Debug/net9.0/compressed/pw49ueon34-xtxxf3hu2r.gz"' (27b0a520)
2025-06-13T23:37:09.3847790-04:00 0HNDAUIS8EV48:0000000E [INF] Executed endpoint '"Microsoft.AspNetCore.Routing.RouteEndpoint"' (99874f2b)
2025-06-13T23:37:09.3848110-04:00 0HNDAUIS8EV48:0000000E [INF] Request finished "HTTP/1.1" "GET" "http"://"localhost:5000""""/js/site.xtxxf3hu2r.js""" - 200 264 "text/javascript" 0.4919ms (74253ad3)
2025-06-13T23:37:51.7716170-04:00 0HNDAUIS8EV4D:00000001 [INF] Request starting "HTTP/1.1" "GET" "http"://"localhost:5000""""/""" - null null (d509f86a)
2025-06-13T23:37:51.7716990-04:00 0HNDAUIS8EV4D:00000001 [INF] Executing endpoint '"/Index"' (500cc934)
2025-06-13T23:37:51.7717520-04:00 0HNDAUIS8EV4D:00000001 [INF] Route matched with "{page = \"/Index\"}". Executing page "/Index" (547e620f)
2025-06-13T23:37:51.7718470-04:00 0HNDAUIS8EV4D:00000001 [INF] Executing handler method "LifeLoggerApp.Pages.IndexModel.OnGet" - ModelState is Valid (cd3ef7ec)
2025-06-13T23:37:51.7718690-04:00 0HNDAUIS8EV4D:00000001 [INF] Executed handler method "OnGet", returned result "". (90fdc39c)
2025-06-13T23:37:51.7718830-04:00 0HNDAUIS8EV4D:00000001 [INF] Executing an implicit handler method - ModelState is Valid (232a55d1)
2025-06-13T23:37:51.7719090-04:00 0HNDAUIS8EV4D:00000001 [INF] Executed an implicit handler method, returned result "Microsoft.AspNetCore.Mvc.RazorPages.PageResult". (f857da66)
2025-06-13T23:37:51.7729270-04:00 0HNDAUIS8EV4D:00000001 [INF] Executed page "/Index" in 1.1468ms (02e01280)
2025-06-13T23:37:51.7729590-04:00 0HNDAUIS8EV4D:00000001 [INF] Executed endpoint '"/Index"' (99874f2b)
2025-06-13T23:37:51.7730300-04:00 0HNDAUIS8EV4D:00000001 [INF] Request finished "HTTP/1.1" "GET" "http"://"localhost:5000""""/""" - 200 null "text/html; charset=utf-8" 1.3813ms (74253ad3)
2025-06-13T23:37:51.7741100-04:00 0HNDAUIS8EV4E:00000001 [INF] Request starting "HTTP/1.1" "GET" "http"://"localhost:5000""""/css/site.b9sayid5wm.css""" - null null (d509f86a)
2025-06-13T23:37:51.7742240-04:00 0HNDAUIS8EV4F:00000001 [INF] Request starting "HTTP/1.1" "GET" "http"://"localhost:5000""""/LifeLoggerApp.iou6wqwl5r.styles.css""" - null null (d509f86a)
2025-06-13T23:37:51.7742680-04:00 0HNDAUIS8EV4F:00000001 [INF] Executing endpoint '"Microsoft.AspNetCore.Routing.RouteEndpoint"' (500cc934)
2025-06-13T23:37:51.7742670-04:00 0HNDAUIS8EV4E:00000001 [INF] Executing endpoint '"Microsoft.AspNetCore.Routing.RouteEndpoint"' (500cc934)
2025-06-13T23:37:51.7743940-04:00 0HNDAUIS8EV4G:00000001 [INF] Request starting "HTTP/1.1" "GET" "http"://"localhost:5000""""/lib/jquery/dist/jquery.min.o1o13a6vjx.js""" - null null (d509f86a)
2025-06-13T23:37:51.7744680-04:00 0HNDAUIS8EV4G:00000001 [INF] Executing endpoint '"Microsoft.AspNetCore.Routing.RouteEndpoint"' (500cc934)
2025-06-13T23:37:51.7745330-04:00 0HNDAUIS8EV4F:00000001 [INF] Sending file. Request path: '"LifeLoggerApp.iou6wqwl5r.styles.css"'. Physical path: '"/Users/weixiangzhang/Local Dev/WeisLifeLogger/life_logger_package/app/obj/Debug/net9.0/compressed/vt0c7pto9e-iou6wqwl5r.gz"' (27b0a520)
2025-06-13T23:37:51.7745330-04:00 0HNDAUIS8EV4E:00000001 [INF] Sending file. Request path: '"css/site.b9sayid5wm.css"'. Physical path: '"/Users/weixiangzhang/Local Dev/WeisLifeLogger/life_logger_package/app/obj/Debug/net9.0/compressed/87favhtujz-b9sayid5wm.gz"' (27b0a520)
2025-06-13T23:37:51.7745390-04:00 0HNDAUIS8EV4F:00000001 [INF] Executed endpoint '"Microsoft.AspNetCore.Routing.RouteEndpoint"' (99874f2b)
2025-06-13T23:37:51.7745410-04:00 0HNDAUIS8EV4E:00000001 [INF] Executed endpoint '"Microsoft.AspNetCore.Routing.RouteEndpoint"' (99874f2b)
2025-06-13T23:37:51.7745590-04:00 0HNDAUIS8EV4F:00000001 [INF] Request finished "HTTP/1.1" "GET" "http"://"localhost:5000""""/LifeLoggerApp.iou6wqwl5r.styles.css""" - 200 1115 "text/css" 0.3273ms (74253ad3)
2025-06-13T23:37:51.7745650-04:00 0HNDAUIS8EV4E:00000001 [INF] Request finished "HTTP/1.1" "GET" "http"://"localhost:5000""""/css/site.b9sayid5wm.css""" - 200 700 "text/css" 0.45ms (74253ad3)
2025-06-13T23:37:51.7745950-04:00 0HNDAUIS8EV4H:00000001 [INF] Request starting "HTTP/1.1" "GET" "http"://"localhost:5000""""/lib/bootstrap/dist/js/bootstrap.bundle.min.493y06b0oq.js""" - null null (d509f86a)
2025-06-13T23:37:51.7746710-04:00 0HNDAUIS8EV4H:00000001 [INF] Executing endpoint '"Microsoft.AspNetCore.Routing.RouteEndpoint"' (500cc934)
2025-06-13T23:37:51.7746690-04:00 0HNDAUIS8EV4I:00000001 [INF] Request starting "HTTP/1.1" "GET" "http"://"localhost:5000""""/lib/bootstrap/dist/css/bootstrap.min.46ein0sx1k.css""" - null null (d509f86a)
2025-06-13T23:37:51.7747190-04:00 0HNDAUIS8EV4I:00000001 [INF] Executing endpoint '"Microsoft.AspNetCore.Routing.RouteEndpoint"' (500cc934)
2025-06-13T23:37:51.7752720-04:00 0HNDAUIS8EV4G:00000001 [INF] Sending file. Request path: '"lib/jquery/dist/jquery.min.o1o13a6vjx.js"'. Physical path: '"/Users/weixiangzhang/Local Dev/WeisLifeLogger/life_logger_package/app/obj/Debug/net9.0/compressed/nkgxv8w9ok-o1o13a6vjx.gz"' (27b0a520)
2025-06-13T23:37:51.7753190-04:00 0HNDAUIS8EV4G:00000001 [INF] Executed endpoint '"Microsoft.AspNetCore.Routing.RouteEndpoint"' (99874f2b)
2025-06-13T23:37:51.7753690-04:00 0HNDAUIS8EV4G:00000001 [INF] Request finished "HTTP/1.1" "GET" "http"://"localhost:5000""""/lib/jquery/dist/jquery.min.o1o13a6vjx.js""" - 200 87576 "text/javascript" 0.9474ms (74253ad3)
2025-06-13T23:37:51.7756700-04:00 0HNDAUIS8EV4D:00000002 [INF] Request starting "HTTP/1.1" "GET" "http"://"localhost:5000""""/js/site.xtxxf3hu2r.js""" - null null (d509f86a)
2025-06-13T23:37:51.7757820-04:00 0HNDAUIS8EV4D:00000002 [INF] Executing endpoint '"Microsoft.AspNetCore.Routing.RouteEndpoint"' (500cc934)
2025-06-13T23:37:51.7759830-04:00 0HNDAUIS8EV4D:00000002 [INF] Sending file. Request path: '"js/site.xtxxf3hu2r.js"'. Physical path: '"/Users/weixiangzhang/Local Dev/WeisLifeLogger/life_logger_package/app/obj/Debug/net9.0/compressed/pw49ueon34-xtxxf3hu2r.gz"' (27b0a520)
2025-06-13T23:37:51.7759970-04:00 0HNDAUIS8EV4D:00000002 [INF] Executed endpoint '"Microsoft.AspNetCore.Routing.RouteEndpoint"' (99874f2b)
2025-06-13T23:37:51.7760100-04:00 0HNDAUIS8EV4H:00000001 [INF] Sending file. Request path: '"lib/bootstrap/dist/js/bootstrap.bundle.min.493y06b0oq.js"'. Physical path: '"/Users/weixiangzhang/Local Dev/WeisLifeLogger/life_logger_package/app/obj/Debug/net9.0/compressed/eai1gqe2y4-493y06b0oq.gz"' (27b0a520)
2025-06-13T23:37:51.7760190-04:00 0HNDAUIS8EV4D:00000002 [INF] Request finished "HTTP/1.1" "GET" "http"://"localhost:5000""""/js/site.xtxxf3hu2r.js""" - 200 264 "text/javascript" 0.3449ms (74253ad3)
2025-06-13T23:37:51.7760180-04:00 0HNDAUIS8EV4H:00000001 [INF] Executed endpoint '"Microsoft.AspNetCore.Routing.RouteEndpoint"' (99874f2b)
2025-06-13T23:37:51.7760360-04:00 0HNDAUIS8EV4H:00000001 [INF] Request finished "HTTP/1.1" "GET" "http"://"localhost:5000""""/lib/bootstrap/dist/js/bootstrap.bundle.min.493y06b0oq.js""" - 200 80764 "text/javascript" 1.441ms (74253ad3)
2025-06-13T23:37:51.7761100-04:00 0HNDAUIS8EV4E:00000002 [INF] Request starting "HTTP/1.1" "GET" "http"://"localhost:5000""""/favicon.ico""" - null null (d509f86a)
2025-06-13T23:37:51.7761660-04:00 0HNDAUIS8EV4I:00000001 [INF] Sending file. Request path: '"lib/bootstrap/dist/css/bootstrap.min.46ein0sx1k.css"'. Physical path: '"/Users/weixiangzhang/Local Dev/WeisLifeLogger/life_logger_package/app/obj/Debug/net9.0/compressed/iqnijv80lc-46ein0sx1k.gz"' (27b0a520)
2025-06-13T23:37:51.7761720-04:00 0HNDAUIS8EV4I:00000001 [INF] Executed endpoint '"Microsoft.AspNetCore.Routing.RouteEndpoint"' (99874f2b)
2025-06-13T23:37:51.7761770-04:00 0HNDAUIS8EV4E:00000002 [INF] Executing endpoint '"Microsoft.AspNetCore.Routing.RouteEndpoint"' (500cc934)
2025-06-13T23:37:51.7761830-04:00 0HNDAUIS8EV4I:00000001 [INF] Request finished "HTTP/1.1" "GET" "http"://"localhost:5000""""/lib/bootstrap/dist/css/bootstrap.min.46ein0sx1k.css""" - 200 232871 "text/css" 1.512ms (74253ad3)
2025-06-13T23:37:51.7763760-04:00 0HNDAUIS8EV4E:00000002 [INF] Sending file. Request path: '"favicon.ico"'. Physical path: '"/Users/weixiangzhang/Local Dev/WeisLifeLogger/life_logger_package/app/obj/Debug/net9.0/compressed/3xm0wf2h2k-61n19gt1b8.gz"' (27b0a520)
2025-06-13T23:37:51.7763880-04:00 0HNDAUIS8EV4E:00000002 [INF] Executed endpoint '"Microsoft.AspNetCore.Routing.RouteEndpoint"' (99874f2b)
2025-06-13T23:37:51.7764030-04:00 0HNDAUIS8EV4E:00000002 [INF] Request finished "HTTP/1.1" "GET" "http"://"localhost:5000""""/favicon.ico""" - 200 5463 "image/x-icon" 0.2954ms (74253ad3)
2025-06-13T23:37:51.7833080-04:00 0HNDAUIS8EV4F:00000002 [INF] Request starting "HTTP/1.1" "GET" "http"://"localhost:5000""""/lib/bootstrap/dist/css/bootstrap.min.46ein0sx1k.css""" - null null (d509f86a)
2025-06-13T23:37:51.7834100-04:00 0HNDAUIS8EV4F:00000002 [INF] Executing endpoint '"Microsoft.AspNetCore.Routing.RouteEndpoint"' (500cc934)
2025-06-13T23:37:51.7847770-04:00 0HNDAUIS8EV4F:00000002 [INF] Sending file. Request path: '"lib/bootstrap/dist/css/bootstrap.min.46ein0sx1k.css"'. Physical path: '"/Users/weixiangzhang/Local Dev/WeisLifeLogger/life_logger_package/app/obj/Debug/net9.0/compressed/iqnijv80lc-46ein0sx1k.gz"' (27b0a520)
2025-06-13T23:37:51.7848180-04:00 0HNDAUIS8EV4F:00000002 [INF] Executed endpoint '"Microsoft.AspNetCore.Routing.RouteEndpoint"' (99874f2b)
2025-06-13T23:37:51.7848690-04:00 0HNDAUIS8EV4F:00000002 [INF] Request finished "HTTP/1.1" "GET" "http"://"localhost:5000""""/lib/bootstrap/dist/css/bootstrap.min.46ein0sx1k.css""" - 200 232871 "text/css" 1.5472ms (74253ad3)
2025-06-13T23:37:51.7864080-04:00 0HNDAUIS8EV4G:00000002 [INF] Request starting "HTTP/1.1" "GET" "http"://"localhost:5000""""/css/site.b9sayid5wm.css""" - null null (d509f86a)
2025-06-13T23:37:51.7865230-04:00 0HNDAUIS8EV4G:00000002 [INF] Executing endpoint '"Microsoft.AspNetCore.Routing.RouteEndpoint"' (500cc934)
2025-06-13T23:37:51.7867040-04:00 0HNDAUIS8EV4G:00000002 [INF] Sending file. Request path: '"css/site.b9sayid5wm.css"'. Physical path: '"/Users/weixiangzhang/Local Dev/WeisLifeLogger/life_logger_package/app/obj/Debug/net9.0/compressed/87favhtujz-b9sayid5wm.gz"' (27b0a520)
2025-06-13T23:37:51.7867130-04:00 0HNDAUIS8EV4G:00000002 [INF] Executed endpoint '"Microsoft.AspNetCore.Routing.RouteEndpoint"' (99874f2b)
2025-06-13T23:37:51.7867350-04:00 0HNDAUIS8EV4G:00000002 [INF] Request finished "HTTP/1.1" "GET" "http"://"localhost:5000""""/css/site.b9sayid5wm.css""" - 200 700 "text/css" 0.3232ms (74253ad3)
2025-06-13T23:37:51.7887240-04:00 0HNDAUIS8EV4H:00000002 [INF] Request starting "HTTP/1.1" "GET" "http"://"localhost:5000""""/LifeLoggerApp.iou6wqwl5r.styles.css""" - null null (d509f86a)
2025-06-13T23:37:51.7888690-04:00 0HNDAUIS8EV4H:00000002 [INF] Executing endpoint '"Microsoft.AspNetCore.Routing.RouteEndpoint"' (500cc934)
2025-06-13T23:37:51.7891930-04:00 0HNDAUIS8EV4H:00000002 [INF] Sending file. Request path: '"LifeLoggerApp.iou6wqwl5r.styles.css"'. Physical path: '"/Users/weixiangzhang/Local Dev/WeisLifeLogger/life_logger_package/app/obj/Debug/net9.0/compressed/vt0c7pto9e-iou6wqwl5r.gz"' (27b0a520)
2025-06-13T23:37:51.7892070-04:00 0HNDAUIS8EV4H:00000002 [INF] Executed endpoint '"Microsoft.AspNetCore.Routing.RouteEndpoint"' (99874f2b)
2025-06-13T23:37:51.7892350-04:00 0HNDAUIS8EV4H:00000002 [INF] Request finished "HTTP/1.1" "GET" "http"://"localhost:5000""""/LifeLoggerApp.iou6wqwl5r.styles.css""" - 200 1115 "text/css" 0.5093ms (74253ad3)
2025-06-13T23:37:51.7909850-04:00 0HNDAUIS8EV4D:00000003 [INF] Request starting "HTTP/1.1" "GET" "http"://"localhost:5000""""/lib/jquery/dist/jquery.min.o1o13a6vjx.js""" - null null (d509f86a)
2025-06-13T23:37:51.7911100-04:00 0HNDAUIS8EV4D:00000003 [INF] Executing endpoint '"Microsoft.AspNetCore.Routing.RouteEndpoint"' (500cc934)
2025-06-13T23:37:51.7919990-04:00 0HNDAUIS8EV4D:00000003 [INF] Sending file. Request path: '"lib/jquery/dist/jquery.min.o1o13a6vjx.js"'. Physical path: '"/Users/weixiangzhang/Local Dev/WeisLifeLogger/life_logger_package/app/obj/Debug/net9.0/compressed/nkgxv8w9ok-o1o13a6vjx.gz"' (27b0a520)
2025-06-13T23:37:51.7920290-04:00 0HNDAUIS8EV4D:00000003 [INF] Executed endpoint '"Microsoft.AspNetCore.Routing.RouteEndpoint"' (99874f2b)
2025-06-13T23:37:51.7920680-04:00 0HNDAUIS8EV4D:00000003 [INF] Request finished "HTTP/1.1" "GET" "http"://"localhost:5000""""/lib/jquery/dist/jquery.min.o1o13a6vjx.js""" - 200 87576 "text/javascript" 1.0747ms (74253ad3)
2025-06-13T23:37:51.7931330-04:00 0HNDAUIS8EV4I:00000002 [INF] Request starting "HTTP/1.1" "GET" "http"://"localhost:5000""""/lib/bootstrap/dist/js/bootstrap.bundle.min.493y06b0oq.js""" - null null (d509f86a)
2025-06-13T23:37:51.7932340-04:00 0HNDAUIS8EV4I:00000002 [INF] Executing endpoint '"Microsoft.AspNetCore.Routing.RouteEndpoint"' (500cc934)
2025-06-13T23:37:51.7940380-04:00 0HNDAUIS8EV4I:00000002 [INF] Sending file. Request path: '"lib/bootstrap/dist/js/bootstrap.bundle.min.493y06b0oq.js"'. Physical path: '"/Users/weixiangzhang/Local Dev/WeisLifeLogger/life_logger_package/app/obj/Debug/net9.0/compressed/eai1gqe2y4-493y06b0oq.gz"' (27b0a520)
2025-06-13T23:37:51.7940630-04:00 0HNDAUIS8EV4I:00000002 [INF] Executed endpoint '"Microsoft.AspNetCore.Routing.RouteEndpoint"' (99874f2b)
2025-06-13T23:37:51.7940940-04:00 0HNDAUIS8EV4I:00000002 [INF] Request finished "HTTP/1.1" "GET" "http"://"localhost:5000""""/lib/bootstrap/dist/js/bootstrap.bundle.min.493y06b0oq.js""" - 200 80764 "text/javascript" 0.9559ms (74253ad3)
2025-06-13T23:37:51.7953090-04:00 0HNDAUIS8EV4E:00000003 [INF] Request starting "HTTP/1.1" "GET" "http"://"localhost:5000""""/js/site.xtxxf3hu2r.js""" - null null (d509f86a)
2025-06-13T23:37:51.7953550-04:00 0HNDAUIS8EV4E:00000003 [INF] Executing endpoint '"Microsoft.AspNetCore.Routing.RouteEndpoint"' (500cc934)
2025-06-13T23:37:51.7954770-04:00 0HNDAUIS8EV4E:00000003 [INF] Sending file. Request path: '"js/site.xtxxf3hu2r.js"'. Physical path: '"/Users/weixiangzhang/Local Dev/WeisLifeLogger/life_logger_package/app/obj/Debug/net9.0/compressed/pw49ueon34-xtxxf3hu2r.gz"' (27b0a520)
2025-06-13T23:37:51.7954820-04:00 0HNDAUIS8EV4E:00000003 [INF] Executed endpoint '"Microsoft.AspNetCore.Routing.RouteEndpoint"' (99874f2b)
2025-06-13T23:37:51.7954970-04:00 0HNDAUIS8EV4E:00000003 [INF] Request finished "HTTP/1.1" "GET" "http"://"localhost:5000""""/js/site.xtxxf3hu2r.js""" - 200 264 "text/javascript" 0.1812ms (74253ad3)
2025-06-13T23:37:56.3767100-04:00 0HNDAUIS8EV4F:00000003 [INF] Request starting "HTTP/1.1" "GET" "http"://"localhost:5000""""/lib/bootstrap/dist/css/bootstrap.min.css.map""" - null null (d509f86a)
2025-06-13T23:37:56.3768850-04:00 0HNDAUIS8EV4F:00000003 [INF] Executing endpoint '"Microsoft.AspNetCore.Routing.RouteEndpoint"' (500cc934)
2025-06-13T23:37:56.3819130-04:00 0HNDAUIS8EV4F:00000003 [INF] Sending file. Request path: '"lib/bootstrap/dist/css/bootstrap.min.css.map"'. Physical path: '"/Users/weixiangzhang/Local Dev/WeisLifeLogger/life_logger_package/app/obj/Debug/net9.0/compressed/46mzn0us9o-v0zj4ognzu.gz"' (27b0a520)
2025-06-13T23:37:56.3819460-04:00 0HNDAUIS8EV4F:00000003 [INF] Executed endpoint '"Microsoft.AspNetCore.Routing.RouteEndpoint"' (99874f2b)
2025-06-13T23:37:56.3819760-04:00 0HNDAUIS8EV4F:00000003 [INF] Request finished "HTTP/1.1" "GET" "http"://"localhost:5000""""/lib/bootstrap/dist/css/bootstrap.min.css.map""" - 200 590015 "text/plain" 5.2598ms (74253ad3)
2025-06-13T23:37:56.3940960-04:00 0HNDAUIS8EV4G:00000003 [INF] Request starting "HTTP/1.1" "GET" "http"://"localhost:5000""""/lib/bootstrap/dist/js/bootstrap.bundle.min.js.map""" - null null (d509f86a)
2025-06-13T23:37:56.3942800-04:00 0HNDAUIS8EV4G:00000003 [INF] Executing endpoint '"Microsoft.AspNetCore.Routing.RouteEndpoint"' (500cc934)
2025-06-13T23:37:56.3961520-04:00 0HNDAUIS8EV4G:00000003 [INF] Sending file. Request path: '"lib/bootstrap/dist/js/bootstrap.bundle.min.js.map"'. Physical path: '"/Users/weixiangzhang/Local Dev/WeisLifeLogger/life_logger_package/app/obj/Debug/net9.0/compressed/n0vjtn72cq-iovd86k7lj.gz"' (27b0a520)
2025-06-13T23:37:56.3961940-04:00 0HNDAUIS8EV4G:00000003 [INF] Executed endpoint '"Microsoft.AspNetCore.Routing.RouteEndpoint"' (99874f2b)
2025-06-13T23:37:56.3962370-04:00 0HNDAUIS8EV4G:00000003 [INF] Request finished "HTTP/1.1" "GET" "http"://"localhost:5000""""/lib/bootstrap/dist/js/bootstrap.bundle.min.js.map""" - 200 332173 "text/plain" 2.1342ms (74253ad3)
2025-06-13T23:57:44.3913490-04:00  [INF] Executed DbCommand ("4"ms) [Parameters=[""], CommandType='Text', CommandTimeout='30']"
""SELECT COUNT(*) FROM \"sqlite_master\" WHERE \"type\" = 'table' AND \"rootpage\" IS NOT NULL;" (0723d8ff)
2025-06-13T23:57:44.4340730-04:00  [INF] User profile is available. Using '"/Users/weixiangzhang/.aspnet/DataProtection-Keys"' as key repository; keys will not be encrypted at rest. (a162847e)
2025-06-13T23:57:44.5024360-04:00  [INF] Now listening on: "http://localhost:5270" (d826f4b8)
2025-06-13T23:57:44.5040400-04:00  [INF] Application started. Press Ctrl+C to shut down. (dcaefe54)
2025-06-13T23:57:44.5042330-04:00  [INF] Hosting environment: "Development" (bc5a1a4e)
2025-06-13T23:57:44.5043100-04:00  [INF] Content root path: "/Users/weixiangzhang/Local Dev/WeisLifeLogger/life_logger_package/app" (cc26f24e)
